3 0 32 196
3 167 174 20
3 296 282 250
3 216 28 265
3 180 241 242
3 168 214 223
3 108 29 255
3 116 217 155
3 85 146 55
3 34 53 181
3 164 172 266
3 54 244 292
3 99 128 238
3 87 40 78
3 184 204 51
3 249 222 31
3 275 284 264
3 41 102 106
3 75 271 154
3 110 121 145
3 103 239 141
3 72 14 182
3 7 82 67
3 80 157 152
3 212 202 115
3 294 122 289
3 88 185 104
3 148 268 43
3 4 68 142
3 134 64 12
3 8 50 280
3 161 191 252
3 286 254 59
3 299 111 66
3 24 158 17
3 127 11 30
3 259 207 215
3 13 253 297
3 133 243 251
3 162 26 192
3 246 295 71
3 210 236 288
3 62 86 176
3 203 3 228
3 159 209 100
3 136 170 47
3 260 258 206
3 95 117 126
3 58 163 262
3 92 89 272
3 276 61 256
3 290 298 279
3 220 27 120
3 193 177 143
3 227 197 229
3 273 237 240
3 137 160 97
3 218 195 231
3 15 23 37
3 107 190 1
3 105 147 123
3 171 269 94
3 74 140 135
3 56 109 186
3 144 114 194
3 150 22 233
3 225 73 46
3 18 6 270
3 285 90 69
3 60 10 151
3 156 81 274
3 263 42 178
3 187 48 189
3 125 283 208
3 44 235 278
3 198 287 211
3 38 76 293
3 261 101 49
3 19 119 9
3 200 131 52
3 63 70 173
3 129 118 77
3 57 93 153
3 267 25 84
3 113 139 132
3 21 138 165
3 79 83 257
2 224 205
3 213 5 247
2 91 219
2 281 112
3 245 201 149
2 226 98
3 39 124 130
3 277 248 175
3 230 45 2
3 232 291 169
2 96 35
3 188 199 183
2 166 16
