41 7024 198 3643 2244 6724 8296 2128 2359 1555 3946 4812 2241 6861 2180 9103 6199 1609 9365 4191 1095 1785 1526 4922 3341 3658 1241 8238 8220 8526 4689 9333 4573 5024 8328 1703 291 7853 7896 5356 7523 8598
42 699 4617 346 8439 3319 9135 7737 7943 8864 7512 6870 5858 6678 6174 9041 5959 1220 2610 9313 9040 4158 5391 7891 9701 3252 641 7998 1692 881 1823 6653 3527 5950 9518 7818 8481 2287 8229 2485 6081 828 5618
41 574 7445 9200 7733 6228 8353 3083 1489 6338 6686 8851 9271 4775 2651 5684 1013 7068 2984 9203 6758 7934 3164 2586 5405 8087 1199 2251 8824 1649 1256 1553 107 778 9508 2938 9037 1957 4344 2496 6920 4840
40 6373 6732 3793 5034 8590 3258 4968 5419 9704 8176 3196 2529 1945 6936 1105 3681 2354 6293 8370 1227 4284 2622 6428 6344 3360 1271 8775 9449 9369 5807 7070 2505 522 1629 1839 3616 149 8833 3982 3537
43 3545 9697 8163 4436 4771 2880 4426 6123 9462 4122 8612 9622 4772 7312 2001 4855 9667 232 8243 1118 567 8125 8710 869 3332 6523 9951 816 1780 3810 5758 215 652 2396 2375 1124 613 8789 2092 178 1866 3075 8927
39 5037 4952 3816 8477 7067 474 5953 7917 6184 6145 4138 2368 3281 3807 4454 7846 9926 7419 2650 8165 6960 8679 6765 2934 5833 2438 5106 8404 3003 1482 8009 5256 2313 3872 3031 2718 9613 2604 8555
41 4131 5425 6755 7235 9233 182 4022 9819 5246 7130 5426 7310 4996 455 7763 4700 6446 9253 2067 3384 7498 7860 3318 7823 4913 4679 8221 9179 8885 7813 1382 7215 893 5103 8545 8008 600 5979 5363 6064 2668
42 8727 3440 4815 3451 3715 9548 7967 2532 4601 4283 6436 2801 3229 6424 1615 1211 8351 6040 8521 1876 2904 8050 3065 394 1136 9194 6631 4416 6807 2568 6385 5582 8561 6529 7558 8275 9397 1478 2593 2440 8330 3814
44 2355 8682 5915 4811 1444 1027 5798 7839 102 7462 6895 4988 5028 9106 1558 806 6080 7824 9034 8171 697 5073 6180 5882 7278 4532 3494 14 924 4586 9685 4618 3088 6060 9170 2800 7573 7391 7466 1084 8045 6029 2537 4451
41 7787 8230 8497 8690 7628 586 6577 1552 2291 9661 1792 2652 4433 4966 9931 8212 7698 4665 5559 4504 9175 1502 9974 1516 1919 6530 999 5136 7913 9675 3858 5086 5189 8524 938 6380 3282 2019 746 3931 837
39 7706 1757 6230 7287 8066 1402 5603 1667 644 2191 7697 9003 534 790 9983 1877 9903 9658 7202 3124 7619 5149 1114 3995 7266 6952 5239 4220 1987 1816 4636 3028 3386 1830 596 3442 1294 5737 9846
40 9213 6057 3027 7382 9345 6142 6337 4276 7790 8011 3200 89 6073 4270 3428 153 8913 5211 8106 1042 230 8584 549 7351 8419 6841 8797 274 9860 5844 7087 3974 2717 424 1691 8310 6377 2990 3709 2288
40 5439 5126 4005 4400 8507 7503 7348 8805 955 454 4461 250 6135 4157 9393 8487 958 5941 9119 5130 3522 9943 7028 1066 8131 2752 7793 3948 7332 3331 2640 2805 8911 8926 3832 7649 7736 7727 9081 1794
42 7329 8518 8831 1303 8817 7440 9452 8241 2795 8103 2940 1194 3041 5912 7946 8622 7121 6364 7454 398 5401 4026 1172 4439 7337 5923 3115 7208 1533 4885 6323 1079 8766 8995 3673 5270 4821 6757 6816 2298 4517 2226
39 9035 6801 6784 5 592 9577 5512 280 7477 5975 7360 5469 3559 7501 8023 1854 1081 6994 8429 8768 5992 2403 210 3860 3722 9165 3460 4250 3773 6068 2762 1676 5952 3463 635 9971 4905 2648 4467
39 1523 7014 7098 3624 5497 1601 2175 852 7622 7011 7825 6387 2095 1291 8386 6394 4698 3452 1209 5656 4295 8867 7169 3699 3402 2595 2131 8441 146 9188 3760 1348 6750 5226 6192 1950 8923 5598 1032
43 4217 894 4456 2712 7030 4098 656 1293 2402 3753 6795 4970 5204 8689 9468 9057 204 1093 1251 9437 1550 3014 6594 8589 6557 8606 5868 8417 7653 3953 4442 7136 9828 4242 412 3033 8039 389 9011 8902 4064 1576 4012
40 1546 8302 6281 5082 1930 4450 2686 667 1202 2198 3744 314 7431 4899 7984 9954 7547 9511 5295 5558 4948 9624 4014 2774 6244 7386 3849 360 8733 6111 4727 6817 7357 3583 7194 7246 7728 1541 4882 9844
41 640 313 743 6251 9132 7270 5370 290 6727 1847 1620 7576 8887 4466 2931 276 2260 9308 8656 865 4034 5254 3351 538 5306 6310 4275 2741 4443 7247 4384 4078 9935 8956 4834 8316 8470 9963 2434 2729 9830
43 336 5319 9890 1123 2826 6738 1747 2823 9581 9431 8569 5353 1663 4681 2492 5044 8888 7261 4418 4940 5999 1022 4453 111 5919 8830 1593 8372 6549 576 5326 8658 3554 3752 1200 6265 3880 7875 8451 8559 4338 3471 9325
42 2036 7214 5906 9463 732 2836 9362 1561 4804 8691 5584 6248 9849 9686 3910 2574 1635 6494 2886 9561 4585 4215 6910 701 3380 7331 8105 1592 4790 1612 7903 1952 6615 2200 6842 5620 9042 4902 501 4511 9608 6919
37 4479 8777 5611 7670 2499 6845 9301 2960 7522 5986 1225 9978 2478 4900 1840 4915 6117 2897 8286 4075 5104 8624 5330 7162 8950 7893 8096 85 8574 1853 9130 1675 1287 7942 8936 2178 1363
43 4525 8983 9128 3736 3765 5534 8906 8978 1266 8067 5727 4859 5343 6927 1674 9646 1060 4425 5192 1476 1871 3813 4411 3169 5695 1316 3966 1249 6458 5832 8513 4304 1896 3334 647 5765 2779 7851 5972 249 6833 6773 5067
40 6796 3399 4328 976 2042 7346 9880 2486 9222 9964 4722 3081 9363 4424 3285 3834 9218 3874 7240 9663 3936 6191 4103 1861 1157 1759 6023 9636 6444 9429 6261 3895 5776 1575 399 4874 3868 408 5550 616
38 4609 6912 7902 6213 508 4319 2967 4906 1903 5736 4225 11 3530 1156 7297 6263 539 78 9746 6226 5935 5785 7251 4655 7500 7009 5799 3259 1459 5471 2750 1455 6787 4264 6163 8240 3665 3795
42 3503 8285 4383 1147 9567 2611 1982 525 9444 8986 3323 5007 5186 7931 6470 6671 5518 1628 7140 6418 9787 9123 3565 9465 6438 5934 686 4077 2698 7259 168 7870 3903 3374 8525 9339 2852 6813 2557 5432 6038 8376
42 6579 3553 2153 3050 8812 4697 4198 7178 2211 2738 731 6639 5705 8964 4189 7715 7911 9763 9579 2193 6830 4391 2670 7614 5317 5224 9114 4128 981 2943 9970 2259 9215 568 5187 3173 8331 2523 4484 8012 3303 5928
42 4513 8311 6300 5815 2621 1191 5164 8237 5223 9173 5873 3436 9837 6033 3702 733 5443 465 9318 7181 1028 7936 2271 9122 1918 625 9853 5042 258 6847 8195 5759 8865 4910 6439 6835 9657 5467 3137 2080 7045 3626
36 8100 5616 134 582 1886 4476 7446 49 2051 6021 8605 1736 3162 268 7720 7389 1082 2116 9076 1954 9304 5390 128 3002 8079 8032 9337 8972 5138 2424 9578 7844 3917 2442 5894 1142
43 3243 3852 3271 3764 3012 7928 1020 2827 5973 9358 7336 2071 5564 3230 2983 8413 9074 1195 9799 4435 5660 7444 7725 1534 1309 3514 9789 1210 2656 3676 7117 9348 3831 140 329 478 8787 193 176 358 4218 7519 3785
41 7766 8671 997 7637 9806 9842 5850 8111 4372 980 8383 8098 6661 6600 1461 3886 5515 6407 9716 4349 9338 1096 6498 3013 1975 601 3356 4182 278 9028 536 4265 7909 9055 1713 7779 8952 7474 3118 4129 1012
41 320 8259 5078 4495 2926 5429 3934 2866 6704 6695 6396 6756 7227 5298 4622 8862 5324 6143 8686 4271 5974 5523 8808 8339 7315 6643 458 8129 8033 9267 26 8604 385 6356 5856 2070 6493 6043 6567 3207 4415
40 5649 4059 8119 8925 5071 5728 3131 3187 914 4784 8832 7461 6612 7792 8657 2731 5672 2253 423 4965 40 4212 8375 7361 9493 7743 1783 9654 4631 8433 7865 7429 2869 6749 1627 9571 7093 9521 963 6591
39 2533 8720 8214 578 6582 2428 7018 144 7973 1864 5026 787 5650 9328 8094 5509 5609 8130 2948 9957 8102 6950 7319 4159 8693 8329 4162 9230 2653 1168 8107 4142 2522 9921 6487 3908 6084 1003 2846
43 9299 9435 5753 8916 1430 3479 5733 2649 4546 2002 2281 3792 5442 3150 3562 4041 5233 3335 5599 9053 6327 8496 2857 2395 2501 9923 3412 7660 6519 3221 2688 8933 925 8035 7562 2830 6041 9401 2377 9678 5464 5653 7714
40 1860 9460 2980 5506 6321 8798 6806 2992 2261 8338 2007 855 7518 3869 3134 2483 7191 5447 4991 800 2000 206 162 3536 2821 4105 6016 9155 1404 8680 6346 589 5159 3091 3211 9726 4185 2850 4475 9822
42 9953 9418 4335 180 1441 3984 9620 240 8444 6104 5421 3214 3546 137 8358 4398 1642 797 6753 247 5268 1160 6815 9004 5834 3693 4639 2576 6010 2614 10 4288 6240 7567 95 1856 6581 5857 5630 9972 165 662
41 370 727 4038 826 2274 7082 8697 1073 3261 439 9108 9645 1973 1300 1554 1594 8528 2955 3437 2589 9087 6735 3741 1376 2232 3161 3672 5413 9528 8135 8010 5922 3548 1488 4156 2679 2790 2321 8251 3758 1946
42 1384 3532 8704 1030 634 1006 4806 1065 7508 4805 7069 6101 2155 6358 1460 6969 4688 7243 9743 1035 609 1101 8234 3300 141 9060 9288 9833 5957 4879 8159 7979 2229 7046 1010 124 3930 3222 4181 5293 7486 9826
42 3102 514 2050 6365 6775 6971 654 9407 5572 2822 308 3551 1137 1458 7494 3851 8941 1229 2933 6540 2248 6452 1848 2592 1863 4848 1463 8004 9005 5752 3484 470 7554 1595 3609 3937 2367 4287 1914 8786 4584 5120
38 4733 8363 793 7217 7760 3778 9391 7002 1360 9818 1745 3048 2099 6093 7031 7532 9032 3194 4301 1711 3224 3038 8499 4219 4669 3694 6514 6874 8154 4907 411 5970 1907 4590 6186 108 4677 7092
38 7481 5901 1895 2824 4711 3345 7099 7771 4656 9068 2764 9413 7013 3132 2449 4381 9724 5891 6175 7952 7641 5141 8530 3595 2734 7765 2329 2781 4876 98 7274 877 571 6094 3614 9349 6731 5927
42 2922 8676 6485 6985 1231 3508 5275 6791 6121 2016 6009 1632 6083 3498 1110 3855 4760 3176 9022 7154 7861 4123 952 9131 3581 6708 3951 2711 3954 2582 5867 9139 2782 4871 5079 1189 2157 4537 5195 7428 9666 3135
42 7035 3947 2133 3534 3057 1590 7135 6250 9547 1799 1011 6255 3280 1148 1971 3738 5585 2410 1625 400 5904 558 7392 2944 6677 3103 3497 1608 8258 9450 87 2682 4224 9696 1053 387 6336 9719 8771 2436 6616 853
42 2636 7842 1268 7507 7556 4368 5636 572 6334 9192 6141 7049 1960 5113 353 6102 5814 4894 2538 2309 5910 817 5896 1457 3669 6720 6483 7276 769 209 1125 4094 2407 6705 1371 4494 3542 8414 700 9163 6403 5090
39 6896 8669 2863 6411 984 4187 6517 9614 2578 2550 9867 5782 631 9758 6351 771 8844 4909 403 3289 4649 8560 9798 1396 8715 4489 6257 257 5111 7379 5812 7185 5601 3339 428 2637 3039 5594 8593
41 38 4057 4359 996 7471 7080 9941 6277 2535 8541 6716 4568 1214 595 2481 6264 5840 1344 6233 2213 2581 2361 7209 5769 2345 2664 9024 3928 8721 9227 4783 1949 2441 1350 2435 2246 1912 1932 5190 4289 9422
41 8053 8341 8224 1867 8342 9851 459 6333 7986 1581 7768 3168 4635 7303 4897 5252 3727 7810 4918 5155 3728 8255 1170 1935 248 5589 4943 5524 7418 1426 5900 2446 5337 8881 6258 2102 4603 4736 637 4762 1633
42 1158 8938 1379 3022 5297 5716 1565 6607 2733 1410 4914 8512 3066 3490 7877 9307 8792 2039 3739 5168 5282 8283 6187 4140 7124 9895 1767 7381 5513 9778 3159 8600 7 3529 7372 6569 4339 4798 3144 3993 1833 2745
40 9107 2858 5639 1115 8880 9707 284 9456 2959 5209 3206 8049 1248 29 5818 6198 7395 7756 1568 4356 5351 1574 6002 2394 3183 335 3585 4987 5012 889 3191 1207 2829 4376 8466 7974 7814 5030 7450 6715
42 147 1154 1219 8529 3582 6621 9291 6987 5696 1111 5220 7723 3315 2757 8636 3796 7569 167 3853 1198 5374 8418 2058 4637 3601 2629 2675 5669 5539 9212 5666 9727 2156 8257 8112 6551 8409 252 583 2192 6904 7038
42 9421 9061 5694 6209 786 4500 103 8527 5300 4651 7963 8609 8852 2470 3239 8860 3587 9980 9640 8543 468 4645 4506 1021 5679 630 7941 4145 1086 6513 7780 9 1931 9795 464 714 7083 4317 9765 3718 4992 752
40 9274 1634 8866 9607 8322 8523 3640 1899 5961 1517 7551 4522 4351 112 4015 8388 4934 9835 494 2341 7095 7042 316 9399 2324 7750 2034 591 1771 6431 5358 8914 8576 6245 190 1544 307 2210 2458 5792
43 9190 1997 8408 1776 8836 3121 5688 5615 7264 7788 3871 8048 7051 4155 3878 3817 8659 4725 9099 2415 9866 5215 6324 3120 7269 6867 6844 2096 3757 8187 4854 1599 6767 4978 6027 327 8773 4868 6822 61 9496 7137 6684
40 7795 8979 9913 6578 897 5207 5781 5003 50 126 1258 5245 6166 9300 2709 7250 9969 2030 8271 8232 1775 20 9706 4961 4281 8109 2968 7502 1500 5808 7513 2148 6729 9324 4200 6120 6872 8969 2838 8878
39 5821 1283 1062 7817 8222 6386 7345 6814 9256 9428 3900 1705 6808 9193 4176 4672 5376 4462 3556 5754 8891 3584 2510 1606 1569 5127 3396 7193 4872 1406 334 6699 4332 7609 761 6402 7197 516 8661
41 9934 6393 8075 6157 4832 1284 3719 5530 3567 2227 5352 4310 2561 4742 3857 2463 5396 2906 8582 8504 4257 3884 1829 2996 9189 7453 1320 3969 177 2588 5978 3358 5133 3618 9461 1765 7090 5369 8077 736 7122
41 6995 3087 6119 1821 4393 6151 6024 8389 7128 4911 8536 7716 5997 8552 3901 3683 5158 8896 1948 9366 5232 1041 2147 1099 8279 9601 5985 2817 6252 1359 3060 8425 1216 580 4956 2017 6032 8483 3876 3695 4827
41 7692 6605 8767 41 3404 7041 5837 5693 801 5654 2739 9749 5065 6082 6788 4892 2476 1836 2108 5890 5124 6543 2991 4093 3506 7944 2164 9542 6972 5342 4781 6875 2114 6891 707 3943 2870 973 6544 6946 1679
41 8655 1453 8575 7669 1909 8298 8355 3062 913 6127 330 7200 1884 9914 5842 6630 1737 4661 9599 7484 6045 2235 8550 4863 906 7830 3654 5739 2243 302 2307 7496 7039 3299 8060 2584 148 8196 3263 6754 8260
41 1448 6850 7420 4380 9502 6572 5869 7821 1640 7425 1405 2969 1768 7937 9855 7165 5380 1083 3210 418 6944 3806 3830 60 2865 5371 945 776 1385 7204 6766 196 8588 3090 5692 8192 8635 5360 9700 9484 7577
40 4551 664 2892 5670 7153 8473 3248 1798 8683 7644 5322 882 6993 6221 6429 5125 5123 6074 1259 9779 5004 8437 9791 2891 7606 7762 7145 186 5446 7143 4002 6025 4509 347 7553 1260 4322 520 1116 1434
41 7533 270 8749 4118 521 2542 7340 4009 5444 8984 779 6363 442 7635 663 3385 887 849 1456 1039 491 4824 484 3110 6378 1702 6932 7146 8674 3227 9433 5461 2911 6963 3812 4031 6361 9804 7017 4870 7355
40 3701 4839 3791 3692 4921 6071 3726 5375 3904 3099 2864 6075 7757 9505 5096 5580 5050 9829 7704 760 8599 1807 419 2849 3710 8716 4929 8711 8377 9582 9368 7112 1169 9566 2468 1317 3652 6320 7752 3393
41 5230 2199 8645 8394 7449 710 22 7748 5314 2825 7091 7534 5262 4750 6713 5484 1185 503 4883 6295 1236 8126 2577 2061 2876 4695 3092 7617 6690 7895 3236 9017 7566 6997 4794 4045 256 9664 3119 3055 8586
42 3311 3979 8003 6823 3729 5468 2048 2447 975 9309 2159 2097 6980 8665 2916 8618 2352 4327 1843 438 1579 1548 4981 6326 588 1262 4379 2137 6883 8899 8882 5015 4496 2888 1549 7711 3996 9319 6297 8013 3555 2320
39 6826 7749 101 866 175 3509 286 155 2763 6200 1372 1924 7797 5472 940 6923 5789 1966 241 7393 9659 9526 7115 1109 565 2258 2874 3653 6152 8853 2296 3864 3891 6089 6897 3808 9713 9481 7982
41 6664 678 9059 199 4560 7667 5606 6077 2188 9472 229 5272 788 8423 1091 3464 4588 8900 7675 4765 4826 1001 756 9595 4823 1940 5876 8551 2406 3127 7063 6236 7648 5378 3113 2812 1917 1063 2173 8736 9264
43 692 5998 821 1414 3117 1600 9625 9453 7888 6138 1312 5968 7734 2240 939 4745 5201 4296 4924 2197 6479 4017 8081 3133 8533 1806 6954 2336 8465 7452 8843 5576 6256 7850 5567 8266 5333 2914 803 967 6626 4757 7852
42 4412 2921 9615 8620 2788 696 5440 3749 9730 563 1265 765 5171 2555 185 2430 16 2090 6309 5529 9803 2728 8845 2364 6379 9021 4858 8352 1151 1626 6898 9263 7686 7912 5889 3061 27 8373 9832 8210 7517 6107
41 1345 923 9609 8602 4995 5929 1026 1477 2896 3474 2208 4375 6408 4847 527 3241 1424 3742 1591 4612 3276 2945 8874 2314 9816 7142 2751 2544 4427 4887 8150 392 4939 7960 303 1278 386 436 7294 9938 9977
38 7499 4130 1610 3063 7034 9847 3477 7841 2088 2215 9268 9466 7338 2026 2237 6260 5548 8046 338 5949 2303 5613 9302 4548 4646 7301 1916 6210 4231 9987 3725 7465 6982 1024 5712 2878 4820 9940
41 5063 6558 6492 3108 3373 179 4580 6634 8850 8201 4060 3363 6193 3815 7747 3348 1245 422 4100 3346 1282 5489 2638 5203 2797 1528 8136 2716 2150 7862 1694 2339 5795 7488 1419 1684 8621 7811 5092 2543 8356
42 7505 4640 1784 3225 1770 4731 9344 2010 7000 9115 6751 5763 1117 3767 1586 261 3372 7735 5531 8204 1584 1054 9673 5229 3414 1715 3526 7195 5839 9771 7995 3822 7630 7148 8250 5784 6800 9360 6372 7638 1378 6420
41 5199 9525 814 7859 5032 9780 5368 926 6561 7267 6190 4274 9865 2283 7451 1953 8068 5475 5362 8344 4209 859 4125 9420 885 1304 7999 4641 1398 758 5197 2647 4717 259 9543 4668 1967 9121 6559 4406 9915
40 202 7163 3407 7479 4774 7629 8410 8500 6719 4919 6741 2284 5936 7004 9760 9617 9072 2794 8785 1281 1490 523 8343 2835 6560 2073 8249 1051 3037 2494 7463 4891 4326 8712 4786 6837 1217 4514 7447 7681
42 1247 5954 9098 1 3082 9148 2998 7894 762 7791 6764 7074 9033 7719 9488 8579 3283 2503 4787 2840 8734 3980 4006 8884 8020 7388 7156 8944 1817 9356 4396 7436 4683 9374 7399 2859 2924 4499 755 8769 8001 2539
41 5895 4069 4342 5731 9689 6542 7132 4255 6689 3677 2254 9637 3763 2923 7658 5568 1597 1416 9824 1009 435 2129 9281 4571 5334 2386 9312 5287 7784 1342 6315 4401 5545 4512 7108 7945 8382 3228 6743 2144 5045
43 2563 6652 7955 3429 1537 7268 7597 6091 9852 2207 7796 7375 7550 9868 6100 3426 1681 9442 1077 2736 5625 7801 970 3026 7078 1724 2035 9869 8666 463 6280 7254 4062 7032 1433 9204 3287 48 8714 3511 366 5403 2174
41 3856 3352 4818 6448 8069 3887 2925 7015 8021 3067 9199 4673 7930 3017 234 8025 4107 6984 2018 1744 3862 3724 5088 6692 406 6467 2363 6976 8758 5596 545 1963 3949 4460 1043 7308 5917 5094 2744 6644 5304
40 7615 4884 7745 8774 5451 9948 4600 5826 9089 2369 7900 5947 9000 6811 6012 8146 8780 7133 7363 6991 4266 8687 2290 7674 6893 2234 2753 7583 8167 9201 668 1334 5025 8380 5033 6789 9514 4247 1340 9417
