8 2735 6269 3891 6125 6425 2041 5091 8540
16 1209 4873 2523 7196 6762 1790 9438 8883 8513 2584 6215 4576 6183 3944 9198 8433
20 6466 2296 2742 7000 3420 2180 5344 1721 7415 6203 2694 283 5132 3725 2750 3835 5753 430 1261 2724
26 5018 6044 9087 7637 5182 6498 8955 1324 9647 1110 9516 7080 3007 4533 5180 7192 4218 7121 9529 3600 8625 9781 818 1210 5179 1157
14 9313 2297 4953 3443 8906 539 8668 4240 5328 526 7983 4393 7742 1646
15 2519 6485 3976 9144 9575 4409 6133 2543 649 2972 4892 6619 3977 2837 6686
12 4525 8787 499 6251 8935 470 6037 3695 7089 7676 7831 3611
12 88 8213 9306 9744 9018 475 6346 7555 2192 8103 2229 4646
11 7109 8274 8682 8609 7282 7457 1016 9482 943 8169 5108
24 2465 9820 1674 1221 4657 1106 9923 6213 1109 3203 7907 5995 7727 3963 2051 510 2237 5633 9404 2098 926 3781 1247 5859
18 4309 1879 8426 3073 9071 9199 5045 4552 3946 6907 1907 7125 1789 5333 1585 9909 6750 2169
20 5970 6662 2143 4863 3453 1762 7171 4497 5792 2885 5256 2796 2960 7091 8165 3023 3040 6300 371 2516
11 4839 1447 6377 4449 6388 51 8919 5162 8888 758 6080
11 719 6669 2866 2370 8114 307 8607 5449 406 5720 626
12 6031 5954 9761 9394 7466 7453 8186 899 3310 2322 2770 1410
17 187 1228 4196 419 3193 3624 6204 7419 1155 2066 1127 1813 2554 7215 5408 7783 6185
13 1066 113 166 248 6475 2651 6196 6270 6597 5910 6925 8307 4941
24 5335 3049 4084 8464 4245 4749 3775 5400 8164 6218 3496 2063 6505 1538 4210 6549 1161 5469 7964 8717 6715 9387 1718 5723
17 8175 6767 9246 5025 2305 9511 2409 7386 4966 9964 8851 9611 8551 4219 3595 9914 5850
14 1560 8736 1002 2291 8237 2595 841 8427 8526 2487 2353 5896 2238 1805
19 3580 3758 4349 2245 8768 3802 2076 252 2558 8603 9208 137 5002 2572 6599 5354 7079 763 7393
14 6252 2074 9952 6268 1008 2933 5986 905 5546 5560 9775 7409 5443 4127
17 7965 3546 8979 128 3544 4869 3879 2473 9044 9157 3683 7617 9668 6148 3458 4103 9243
16 2432 3147 3325 2246 8960 3470 4902 8651 1361 2617 9124 7878 669 4606 4156 142
8 1178 4867 4123 3793 7613 3070 5817 579
17 6002 2828 4200 1527 5816 2470 127 9458 7274 4857 5039 1027 5233 4446 4553 5415 7058
13 8773 1186 3714 9643 4461 4370 4342 1936 9555 4611 3224 5798 4120
5 8292 7948 9644 5407 7146
22 7475 3245 8548 9640 6742 2250 8530 6216 4880 39 9553 7407 2325 3763 339 8600 4814 6496 2946 3405 2152 6467
22 2920 3697 8774 3066 7668 9100 2394 4888 2108 3930 2948 3710 3295 194 2978 8006 1648 8230 4509 1966 790 1758
15 4094 1332 9191 326 856 8188 5576 7761 7829 1051 4301 5122 2819 5543 7185
15 3629 1605 3461 4875 656 6048 896 5838 4006 2057 3464 8647 8070 3043 7
14 677 7140 5698 4673 8093 5107 7682 9186 9221 5822 9048 9971 3110 7395
23 6670 9402 6200 9702 2482 6871 7411 2797 4270 4775 1069 2977 5880 9683 5863 7304 8611 1517 2747 5894 9396 2130 7472
15 1757 7114 5890 4807 7434 4372 1355 9645 5100 8214 1193 6235 4682 1956 7904
15 5440 658 7768 3875 511 6023 8412 3746 8956 8014 2526 4582 4620 2282 9723
8 2571 9046 8967 7659 8090 4040 8120 1150
25 3607 3294 6786 1313 830 146 3970 1862 5014 4163 5709 7920 6696 6609 3674 8039 8241 5918 8985 5531 7002 910 295 4592 5275
21 9913 8713 846 1647 5422 7162 7344 6491 5356 3731 4209 2861 5904 5490 5585 8206 9521 8384 1579 5390 8222
24 5497 6502 5466 5757 3921 1634 6580 7746 6946 7234 9849 4625 8903 4259 7605 2162 3668 5030 2902 5616 1254 3994 6494 8669
23 4078 1372 3910 7572 5668 6966 7135 3770 382 9089 6253 6743 3139 2231 9661 6636 5905 1607 7083 1645 635 7042 8897
20 8310 567 4935 199 1873 753 4709 4858 6056 5247 3550 4549 4619 9958 3431 4504 8913 1680 5312 7093
8 549 7325 8895 8275 6959 7001 4268 5555
15 4008 8783 2422 6711 9562 1863 9497 3759 6098 1643 7221 3225 255 9714 1009
13 303 5387 7355 379 1622 7175 9522 4239 1665 7214 1633 5988 8684
15 1335 6404 5049 318 208 9537 7730 930 4130 8506 4117 1679 4329 1976 9536
10 7013 1 4237 9780 4015 8619 5659 7586 3812 9703
16 9976 2166 9012 7602 7683 1175 7209 8151 9481 8869 3146 1541 8007 8571 5072 8700
22 9752 3236 2230 1260 7174 7548 7041 674 5008 6905 1748 5694 6397 1423 570 9051 3254 7611 5973 6073 5029 3727
19 1315 3197 3989 4225 2031 2059 6280 6956 2377 2556 8099 4608 7615 3590 3516 9898 6088 8726 4243
10 9707 789 9011 9634 8575 5799 3760 9231 3028 8008
22 5299 1384 3773 95 4141 1474 3418 4274 1947 395 5559 3142 9653 8469 1099 323 2886 5055 4951 391 9227 2878
23 6783 1170 4635 3816 3565 4297 1910 1294 1968 81 4113 4566 2621 8661 7292 5496 785 5924 4556 1497 900 8641 7441
13 672 1414 9495 9349 6297 5805 5483 9726 4132 7184 12 4909 3620
23 9847 9649 1363 8637 5158 1215 9466 691 949 9729 6134 8299 6854 6928 4738 496 7694 246 9676 7087 3860 6113 5077
8 6822 7612 1697 4011 8026 8393 8929 8943
15 7463 666 1963 7474 8182 3948 9967 3195 7875 7336 4488 5784 2985 1479 2007
21 6689 3410 2928 8448 6764 1465 4854 9846 1062 7778 1791 7967 3494 9718 7921 6894 3189 7705 2133 4185 8350
15 3696 4154 711 5452 2921 538 7750 78 4745 8015 3728 4995 1751 2623 6434
12 7657 4208 3068 9705 4411 3075 7850 6007 6019 9025 4374 479
20 4377 3918 6741 1655 9464 5433 494 5764 1531 6378 8961 9092 8623 2849 7540 6390 5202 8156 3286 3931
12 6412 9463 4815 2992 506 986 6896 2320 7309 9896 6699 1339
25 2135 8290 2147 6503 8236 2217 7595 5803 7837 7103 509 4634 7542 936 5976 7944 6539 6626 4721 3633 5845 3665 2922 6439 6084
23 2949 4984 481 2425 497 5069 1239 9900 8542 6161 1532 9300 8105 4440 8415 6226 9174 3733 4896 1594 4790 6271 9281
21 8878 8792 6480 578 4638 9701 893 83 1402 5249 6774 9946 9961 9895 8012 3179 176 662 8690 263 2818
10 1543 8484 7804 2612 4465 1128 8503 9937 811 1052
14 6403 5377 4326 6237 9612 7501 1688 5475 7071 5774 8633 7374 1060 7943
16 3156 3579 368 1325 9498 634 1548 765 4288 4161 7202 7748 7303 8178 8582 7223
11 9393 9935 7546 1500 8059 7663 9889 3669 9377 5157 3819
15 1515 7398 1121 135 8348 3468 9156 6197 7857 2882 7007 5186 44 9016 3861
27 1992 8020 697 9382 2235 330 3190 8116 9948 5847 5076 4784 4378 9163 2062 9086 7327 8221 9245 123 6606 7950 7896 9614 5854 2276 7568
18 7928 9864 4003 403 4300 1859 4969 4159 280 8027 5117 6105 6679 5736 995 1452 3762 7476
12 4435 7512 2566 1233 6856 6523 559 1738 9928 3648 4293 1855
22 3090 1227 5856 565 9735 4639 990 886 4866 716 8807 5092 9583 1165 6938 9932 2168 6074 4728 9747 3518 3559
15 7429 2233 3291 9232 4316 4135 4571 632 4917 4671 4991 6153 1301 9311 4047
26 8640 9406 4575 8338 417 5627 3054 8037 9263 9133 7301 9912 7830 3547 543 7403 6219 8002 7225 9271 6194 7412 3128 2100 7017 8019
15 3869 8302 9602 2399 5888 1797 6512 8761 7275 9082 7689 3339 2099 9350 6365
17 3253 1013 3821 2537 8772 1529 1117 6347 124 418 2266 9007 452 9749 1951 170 3618
20 474 7210 7249 8554 4938 7847 6247 6630 3905 3556 2175 1034 8863 287 8837 3002 9061 2492 1293 2691
10 5868 109 8574 4153 483 8071 8218 392 8171 4424
20 3055 3311 730 3605 3220 8529 1182 7456 454 4628 8212 5042 6763 1035 5022 5447 4864 6323 7565 3619
11 423 4586 2915 4207 7710 6222 2288 5470 5446 3069 4929
19 84 4693 209 1508 1835 6570 5557 286 9268 7842 3359 3010 7848 8162 4447 7437 8891 9097 4445
23 3442 3257 8786 8823 172 9182 1686 8785 7216 254 8510 6769 2021 6061 4514 591 8202 3175 4994 7289 6492 5939 2897
24 1097 3276 7792 5017 9002 4544 2105 6698 353 508 5770 9167 1715 2563 589 5319 2723 7593 8053 1120 8282 4883 7011 9088
23 7956 5743 6192 439 5477 9116 6814 5366 2128 7764 865 938 3756 9400 7012 7667 6017 8454 1419 637 2277 3928 6063
18 2695 9985 2605 8681 4659 9546 9604 9731 462 8945 4787 7383 9998 1462 3180 2221 3347 2185
23 1305 477 6053 4482 4493 8190 8485 7715 2842 1392 4470 9479 7047 7060 3884 6835 9094 1149 1234 5011 4683 7758 3274
21 4742 6607 6159 2904 7312 1460 2178 6719 1864 8780 1934 1424 3536 8828 7084 8423 5264 6693 8959 4311 4484
18 9619 1323 277 3083 3966 3370 3818 5952 189 8038 3767 556 1205 9905 3415 7959 0 1088
18 1273 3409 2626 6942 3666 1222 1281 2979 9132 4838 6443 6401 488 2103 9993 6458 3857 6342
20 4601 1794 3459 9385 1111 1349 3315 2330 9322 8136 6542 2197 4960 9312 651 3698 4735 3780 1082 4158
12 6263 6189 1489 364 6416 9455 4627 9058 4908 3080 2839 6700
18 2356 3575 9813 3108 507 6399 4415 2547 8494 6085 8031 735 983 1732 6890 16 913 9765
23 9003 1838 8447 4720 6392 7994 9972 4636 4776 6103 5301 4591 2190 7720 5109 3306 3192 8608 4363 3035 4554 5682 2813
21 2015 4233 7492 3232 9836 7569 5941 6437 3967 6083 9843 6400 5898 6144 648 5003 8482 1602 3679 5874 8744
18 7399 9920 5516 4020 832 9617 1453 1081 3258 4302 1348 3846 4543 8986 5966 5832 6295 4321
12 5934 5727 5710 8434 3915 8155 657 7762 6367 9911 8691 2758
9 5192 7287 7779 3181 2153 2756 5975 7723 9417
18 568 3196 5636 7870 3972 7232 9209 2385 8324 7633 8028 3509 5664 2340 2555 8392 2801 4483
8 8890 4065 868 8908 1408 2609 3588 2363
21 9563 6740 1908 1729 9135 7636 5713 9357 636 5329 1756 8649 7094 2678 8537 2188 6448 4759 7138 2964 3987
19 5693 4414 8573 8133 5234 992 7477 629 7014 6930 7866 970 4335 7420 7623 8036 9601 4886 9938
19 4379 2538 5295 164 4007 6089 4756 377 7488 5073 4711 8576 9945 6557 5612 9840 2806 3500 4719
10 4679 9636 5116 2809 4939 1592 6290 6339 7362 4778
12 9084 1874 572 6301 8475 2311 8886 4573 301 1093 5547 8618
14 4090 2942 7406 5920 3906 233 2760 4915 2071 2529 1809 2457 9635 1304
19 2720 8630 1100 5285 2036 4914 1487 3393 6962 3811 9001 894 7599 8052 3206 9290 7537 794 2211
17 2247 1773 1970 2261 1693 9134 159 4119 7503 8312 5289 8788 3356 6051 4803 3386 2628
22 9514 9090 2642 2497 9345 8937 5837 374 5899 8645 4853 5188 6824 8819 7447 6500 2705 4599 6349 9146 4018 7539
15 5324 3708 1245 6292 7262 1770 3873 3365 3019 6889 5972 3522 759 2862 9326
24 8731 5808 874 6029 3885 8042 2781 6639 4256 74 7873 2164 7726 3079 112 4464 9664 8709 5142 8238 2521 4079 5652 1288
19 3817 3333 2335 2717 8973 1104 2910 2636 6581 7917 359 3183 6768 8716 2318 1377 8654 616 7855
23 6277 6794 8892 4088 2731 751 9842 3513 4696 9812 3646 4800 8843 5801 2443 198 681 1437 3143 901 9494 9259 1948
15 7957 3826 9965 4064 1723 761 4555 1023 8746 7981 36 5613 390 5637 6650
21 700 4387 6804 975 1503 5351 2799 671 6009 5382 3314 8743 9229 7285 5427 2183 3312 8777 7163 6405 1559
13 7070 8557 7927 1843 2639 5656 7684 2065 1821 1080 3687 86 2926
10 1776 6849 3510 8614 9341 708 9539 7576 1872 1159
9 519 7188 7082 4848 7874 7884 5228 4027 4023
22 8518 2424 7428 2649 6703 7692 7856 5238 9228 8373 1819 9250 3395 3545 5947 2514 6022 6302 4723 757 6350 7349
6 1867 6745 8088 8775 1343 1881
24 4758 5615 5369 9297 7690 6398 6026 1232 2665 2386 1098 4278 5074 5959 7807 887 217 9453 8497 1091 8130 9454 9990 5665
7 7861 1637 4467 6066 1073 2445 7820
14 6663 8149 892 2780 3602 7662 881 7604 6094 2541 9541 3184 4865 6273
26 4494 4706 1995 2216 982 3636 9475 2044 9062 9272 6999 8857 4660 7402 877 7591 2872 4755 8479 1213 9123 8594 8941 9517 8957 5111
14 6815 3249 5517 615 3022 4024 4070 7305 1798 1549 2339 5812 1472 7467
20 606 3008 7585 1326 9681 4786 1422 1710 9667 285 7046 5220 9682 8846 7828 5489 5596 6246 3185 3204
23 5445 1492 4624 935 9527 7245 1631 775 244 2969 7370 9324 3561 4562 6462 1671 3523 706 3922 8797 6978 1653 998
22 2883 7198 7314 6474 4940 6618 1942 1338 7389 5670 5154 4473 4614 2676 5588 6394 9808 8683 455 1958 5398 6479
3 713 8711 3539
24 7499 8271 9595 4502 9353 381 100 8403 6805 8990 3228 1466 8502 4718 3340 9113 4881 2389 167 9885 5051 1425 302 8490
22 1138 5858 9805 4830 9751 8030 3952 2107 3874 8097 5314 9774 1690 4336 1124 9445 3063 8183 3041 7391 5631 9472
25 6381 6329 9556 5777 6000 9477 1733 7342 8220 1297 3044 1255 2945 6861 6655 7708 6483 6947 4708 8389 3797 8152 1207 3984 3631
19 9679 2589 8203 1904 1201 6985 1676 1459 9790 9428 806 5687 4322 5153 5871 2460 316 6981 3380
20 2316 1609 4910 601 8796 9610 2585 3530 1779 3031 1781 1850 9363 9807 2347 6792 111 3042 9831 1134
21 4059 696 6239 5621 1046 4958 115 8062 6932 7334 2557 9706 2728 3634 5177 6411 9266 6844 1972 5474 7460
24 6901 1406 9255 6069 2635 7628 6809 2304 2652 1455 2898 1417 5534 3574 5992 8544 9091 7583 4102 3955 143 9013 6035 6212
19 9305 9405 6155 6012 4029 2776 9381 425 9980 6838 6389 2955 3437 3337 1858 6725 8838 9918 976
15 8477 1784 873 1169 4290 3913 6117 8812 858 9719 4510 131 2312 8374 3713
19 2917 1113 5540 3840 2997 6967 3439 1458 7271 6596 3174 9943 6318 7400 179 6817 7813 7311 4538
20 4058 726 5541 8419 6575 6244 6172 9632 1197 4211 7547 2144 6738 5456 6837 8478 4174 3612 3791 4124
20 5235 7864 5189 6338 35 9037 4063 5914 5219 6043 386 2102 4500 8457 1868 955 107 1931 2273 6586
15 3549 7687 3601 5090 1755 2751 6793 727 3804 971 2775 2096 6461 9721 6152
7 9409 3655 9267 9485 476 6775 7115
15 8708 3527 3865 1206 7113 4453 4217 2567 9588 7038 2258 4968 401 1961 2530
25 4071 1512 442 7226 5650 8876 64 9195 4356 9424 7564 5123 3476 7440 134 1632 743 5643 6954 3084 5545 6881 8044 2618 2606
17 1105 4794 6261 5124 2314 799 536 7757 1918 850 5206 4287 3378 9818 9461 4338 5726
13 3307 7156 2957 1986 4602 4318 1902 9165 4477 3901 1930 6909 492
21 4618 2324 9412 4686 9042 422 2930 8737 3434 4491 6566 6571 4085 1371 8905 6432 9149 844 1202 1341 8331
23 5424 8458 1869 8146 3594 6101 7811 3623 8486 6248 1871 5583 4359 3446 7887 3711 4923 7170 2905 296 906 9776 8921
21 8758 3430 7698 6357 5375 3326 7693 7812 7498 8926 5004 1145 3567 8076 8436 2761 5843 3071 9067 6112 9887
23 769 5227 2711 1804 3554 5012 823 7256 9858 2924 821 9566 2048 9441 274 3979 3650 8875 6935 8240 3792 2172 7182
25 7401 1438 6304 3105 3058 152 8854 3958 8597 5622 1644 2477 8316 2319 6806 4845 5645 2569 2369 2005 4269 2764 8337 9766 1212
14 563 5425 8018 2043 1433 3959 7461 1780 2342 9814 7039 1837 770 8430
25 7929 6199 5996 6718 6563 7092 2696 9684 9234 8263 3909 8288 9659 4893 8725 214 3242 1183 2816 3822 8276 2830 2321 1226 792
10 6916 8932 3024 8915 9483 576 2182 432 5865 7348
13 3555 1803 8421 2846 5305 4060 2644 2269 450 9010 2550 6721 3012
20 5300 3005 6164 284 2570 1557 169 552 1181 5405 458 352 7560 9862 8680 7480 229 5065 4695 8377
18 5086 1407 6168 9628 290 2077 102 7276 120 3657 5514 8659 3474 3757 7147 7969 4186 5269
21 5860 2603 3067 9631 3191 2060 3435 3102 6082 1943 1220 1561 9436 5925 3401 9587 1971 7688 1225 5063 7105
12 9888 8965 9392 5548 1493 7871 1131 9115 4474 2908 6364 4716
9 6695 7108 5352 3230 7806 1662 7310 6665 6934
16 9675 7020 8207 2967 3701 2171 2343 8481 9237 2254 1485 2002 597 1285 8879 805
20 117 2738 6206 5732 2999 5287 5426 7794 9074 1317 5373 619 7377 5257 4193 7681 6717 5848 4725 4545
9 2061 5991 4773 7241 652 4901 4305 8674 8535
16 3167 8024 7638 802 7380 225 3124 1256 9019 7483 8577 2131 2196 3838 5046 9476
25 6706 8262 5006 1240 4658 6024 7916 6374 2884 659 2054 2958 4456 7935 4357 686 3630 4425 2588 2070 9390 2821 1290 3032 9690
19 311 8254 2578 4792 6587 6163 8296 4832 2281 8431 8387 5945 9580 5037 4808 3863 1055 224 2824
6 4855 4877 9666 9927 9351 1185
15 273 7435 7319 168 1777 4481 6380 3532 7629 6727 6800 4096 8933 279 8596
17 1040 8739 6420 2825 2852 4798 8996 3469 7650 5625 5106 3598 5509 7821 5251 3388 1892
19 3371 1860 1177 7337 6705 348 4744 8500 833 4851 6167 1988 4076 8975 5392 58 8082 3014 4922
23 5717 6884 3833 6034 9710 8555 5170 3099 8407 9950 6181 4330 7735 1974 8498 7897 5542 7776 6828 5685 5731 4133 1378
7 3855 3596 4833 7255 9743 2323 5982
20 3444 6139 9401 4980 4558 1102 7535 2453 5070 1179 3845 9919 7521 3385 6988 7509 6955 7714 231 4392
22 4307 7993 245 8536 2333 9410 2857 9222 9822 5567 890 1861 8140 7728 9531 1083 7859 3787 2253 1115 8185 6221
20 6724 8848 6003 950 4205 5695 3451 2275 7515 4714 1096 2034 4009 1682 1167 7053 2165 9637 6507 2586
22 222 7891 7373 7686 3366 5241 3609 7971 5250 8745 7076 6801 8592 8639 1759 927 1683 729 2073 8770 2208 8738
17 9550 3490 6643 8652 5861 4677 1330 5692 4012 3813 5993 8322 8409 9484 5718 3975 9443
10 9449 1421 4017 5553 5462 7989 5551 5361 4319 5586
18 6228 5875 6208 5593 9897 3862 7894 8017 1357 693 6395 8455 5236 4600 840 8098 4145 1136
7 7040 817 1142 1399 21 6470 1300
11 7913 6951 6182 1319 4722 7518 9615 6045 707 9970 925
10 8670 3502 5506 4975 3015 2252 7035 9369 3284 3289
25 1005 7329 9543 9254 8791 354 4366 7169 9027 7081 6426 6345 8460 2139 9470 4681 9096 7396 4680 4542 5362 7151 3335 9736 5175
21 3988 5491 7372 9947 3740 7732 5579 1595 6865 9624 2479 8492 8335 9605 3771 6092 6435 7268 7702 6559 4841
25 2559 4583 1030 533 7190 5267 2831 2187 9101 2395 5702 979 808 1283 7352 1164 3935 3941 5121 602 1148 7166 9940 4091 9568
9 6807 3358 2290 9663 4551 3671 8232 4140 5714
10 2384 7152 3061 7979 8295 4977 9936 7112 9176 9532
16 9799 6150 2198 5212 596 8995 1263 7642 175 118 1820 215 9420 4093 5529 3560
20 6831 9347 3368 5957 3116 2209 8694 584 8109 6708 357 7217 4804 6224 2895 5912 9787 8260 5280 3569
9 8703 3540 5480 5302 8663 1514 443 8710 3985
18 4894 3651 2401 6430 2207 2404 7988 2122 4224 6447 7549 4438 7841 2822 7052 4220 1547 2163
10 7952 864 9487 2212 7339 6100 6535 221 1367 4177
12 5769 5218 513 3411 4376 4101 5263 292 8118 8938 6544 6690
17 622 5359 47 5917 3778 2360 9028 2467 8446 6605 9754 1786 9903 7559 3327 5536 7173
20 9325 6135 3354 4202 4587 9138 4872 4594 6885 5635 684 9162 7670 6899 4129 7946 1147 6294 2271 9573
21 920 7180 457 8868 7034 7364 6893 8101 4355 3499 2040 9368 6678 5259 5984 6554 5418 6872 9642 962 2664
20 8395 7704 1010 5711 6647 461 3584 4019 6713 1320 4512 3076 7590 8561 4691 5311 2138 8057 7766 4662
15 2576 739 965 780 9314 3993 595 5994 3305 9106 2417 9983 26 4963 8330
21 29 1024 1276 3585 4137 607 3940 9655 2810 7037 9724 2468 8545 5167 4567 577 3440 6761 3626 5130 7496
23 8950 5393 6765 8766 3616 4806 6584 2771 8804 7118 5193 5550 5879 9687 5155 3045 7815 4999 5272 797 4823 2848 5791
20 768 1625 7102 2442 9832 3169 2173 4249 8125 4947 3828 2085 5438 468 6551 4179 2604 562 3741 6870
14 3578 6360 7532 9526 3691 8366 9444 242 9049 1696 9782 566 59 8217
12 6198 7320 3317 1994 8856 6119 2119 8303 7368 6853 2203 8712
6 9216 9452 2782 8219 6356 7110
13 961 3640 3362 8493 1832 8270 9665 8805 9413 9005 6621 5296 8301
21 6961 2714 8440 640 1913 4986 772 6283 8631 7516 6910 1471 2358 471 6709 4402 7290 1658 8371 2847 7601
24 4842 9052 3396 3938 2686 1845 7777 7941 397 7143 2241 7879 2560 1707 7299 8769 8355 3287 4041 3652 2287 7824 1887 5266
23 372 7889 9282 3200 9524 6886 9564 2011 6579 7805 6882 9741 5134 22 7584 9235 4229 8999 9336 9792 9860 3880 4861
14 9283 699 1208 867 8842 7942 2868 9332 3720 2094 3265 7818 1204 7405
21 2869 7129 200 9696 4410 5539 8504 7239 4944 3211 5005 4460 3897 569 1574 5814 197 8877 2224 5294 8648
15 8329 5358 493 2856 7579 8665 3524 9346 8126 7283 7165 1141 980 8552 9172
23 5716 8055 8224 1580 5678 6537 1509 560 5844 8644 1752 7222 4899 3635 7973 3806 3033 3248 3520 8138 2329 5606 1825
23 9140 1630 5089 839 9795 3270 2952 7203 1746 6081 8610 987 4685 3406 5943 7124 1400 4116 6534 8320 9507 2227 3346
24 375 2536 6307 3632 2352 9118 4021 1441 4034 1523 2072 9496 9623 2156 7164 6790 6869 7868 2890 7736 8321 5148 3417 2773
9 4150 3608 8695 1743 6590 9933 4492 5209 2669
15 24 4781 1588 4246 6749 5511 8368 3194 1443 4398 4347 1067 304 1137 7123
17 9979 8435 1955 6567 7253 5409 5437 2407 1800 6920 3689 6778 4215 1928 9953 9656 807
21 4143 5213 4194 7236 1628 9130 3949 8272 2680 281 272 2017 5729 6588 4110 1556 3864 9922 7772 8612 7049
22 585 2512 3603 2132 3732 6336 7808 4441 138 121 1810 1681 8705 385 6478 2739 1765 4108 8451 8372 737 2961
3 1135 9872 9515
21 7561 2436 6255 4629 3117 8984 1309 7770 6864 3115 3182 836 42 8704 4271 3048 9875 3343 8279 1230 6260
21 5341 9852 6296 6409 5662 1331 4400 9151 1476 3754 6391 6522 6714 5739 2687 4252 3273 4967 9850 4332 4783
23 957 902 428 1272 611 8615 4344 1211 7197 5064 947 6423 2084 2834 4234 1434 4148 5276 204 5494 1573 7641 6623
11 8962 7553 3541 8285 9871 6538 5690 7387 4623 9077 9287
17 2986 6658 1524 6645 2654 1168 2702 2397 6114 6810 5537 9170 7408 7358 4197 2794 2463
11 2008 2788 2690 8653 908 396 2366 6963 8605 361 9525
16 9581 2006 4836 7882 2075 847 6223 6915 4979 6308 9732 1108 7390 5439 424 3825
20 7862 3779 8112 2919 3345 9809 4105 6582 5211 9142 1116 3448 7439 9468 5338 7427 8174 2730 4641 7459
16 1664 2079 3947 3199 2754 8176 8719 7898 1577 8802 5095 3886 5395 2683 7731 2544
20 2912 7230 482 5602 7494 4862 993 9975 934 4907 2648 4916 1822 2308 1435 6796 7836 9486 5376 4987
13 8102 4223 5887 5756 7840 5169 872 3597 8386 8091 431 6533 1439
19 4637 2641 8328 6922 4957 3493 646 9035 1143 7926 9059 8474 6723 532 8046 5248 4277 6997 3969
19 268 2026 7446 4115 2464 6272 709 1937 6850 1891 6728 9435 344 54 9309 5515 2170 6514 9650
9 5885 6123 6756 306 7624 1898 3591 638 3858
5 3149 8459 4761 8991 4887
26 3281 6558 9845 8747 9538 8642 300 3839 6902 599 6808 9240 399 7259 2991 6532 9261 3706 5671 8269 5869 8488 8311 2280 9770 9956
21 2941 1984 2455 3717 5620 7883 5187 7785 4605 4724 8257 3085 2315 7865 1854 2719 7703 4294 879 7814 8013
14 734 5572 332 4520 2264 4740 787 2469 5197 8333 1581 5150 8898 4891
12 3654 984 4454 1650 5346 1916 7423 2879 4310 587 8884 1569
14 489 4437 4717 3227 4730 2350 3018 3899 9931 4315 3627 8 3255 7356
14 3103 4428 4661 7557 3583 8367 4713 178 2966 6610 4669 9217 6614 6917
22 4346 8425 530 498 2787 2741 8882 9742 8243 9641 1391 1429 6868 1464 6249 6233 3301 9606 3914 5591 3126 7899
20 4214 2791 6450 951 4656 1079 9242 7745 8245 1004 3907 5864 5741 2894 1385 5410 2210 3264 398 181
19 3030 8104 8784 210 9065 4930 7643 1480 5608 7793 9978 3455 8643 8196 1526 5883 1823 6288 8054
23 1888 9473 8832 956 9951 1685 9127 3098 9284 3694 8871 5364 3660 2943 3081 6166 9841 5750 2161 2998 1614 4042 6524
18 7119 8449 5205 989 9512 1496 907 1768 9478 2630 5379 8258 6267 6145 2251 4530 7235 9786
23 157 3990 3188 2167 8035 2802 7445 5915 4031 7843 9298 9056 5565 7351 8927 2158 165 7054 7530 8429 9753 4292 8499
6 4829 9579 3854 6504 6469 6090
8 541 3148 9320 1200 4250 6076 1817 2650
23 4948 4184 5955 5779 3038 8259 4664 2260 5298 5630 1967 4518 1753 8810 335 8859 2372 2734 4769 9129 8137 6919 8154
23 6115 190 4164 9633 9654 2140 5036 2126 6359 4828 544 2052 9785 4988 7195 6086 7485 2458 3441 8363 9317 2055 7307
12 7141 4885 4630 4107 6173 7263 826 4213 7048 9789 8624 2939
15 2020 5237 502 4782 8831 7284 7872 1126 7181 8861 7722 1087 9334 557 6258
20 9523 5948 9627 4228 378 5724 2602 5526 3895 5221 4358 9185 3700 7280 270 834 2450 6477 1001 939
6 445 1651 9286 267 2660 1277
6 7318 3202 6104 5476 5697 8069
20 3693 9503 5712 3615 8298 7933 5809 1282 612 2854 9547 6314 8358 8658 1336 5044 6782 1962 8210 623
9 7468 40 8092 1636 5431 2880 1677 3664 1558
14 741 9128 1959 5156 5584 921 3685 897 4559 5999 5349 1678 7030 766
11 8675 5990 3129 4826 3936 8345 6046 1698 5348 9906 9069
7 1833 1593 1564 9251 5033 8845 835
17 5649 3475 6589 1415 4871 4353 7627 3416 5420 2263 340 5185 4077 7154 1865 9915 5841
11 8342 7116 8462 9926 6316 7442 2600 6969 7191 6672 5903
8 297 4959 4109 4920 4973 1365 8094 2053
6 4687 8323 2718 6306 8251 4996
20 3471 2838 7648 6186 1430 8353 7769 5824 3851 5933 8598 4092 7797 7295 460 7739 8858 6685 5653 1020
18 5381 8699 5535 4285 3566 5830 553 8953 2766 8051 9205 8074 6320 2038 1808 5459 5265 6111
19 55 8158 2495 7277 2927 4595 2954 7562 5619 9810 5715 3300 9017 605 1495 1350 82 5244 2427
21 6541 945 7248 4705 922 2033 6132 2045 3896 8809 3269 5083 2996 855 1358 6531 6632 8267 4375 2502 9304
19 1528 3208 5214 2518 6454 6402 1553 1160 6067 6140 2125 4547 50 6555 8011 4751 4570 3688 9329
14 8420 842 5771 2056 2937 9276 2753 8617 7187 8864 6591 2024 1473 1139
20 8520 3104 8803 7193 660 4541 9570 6279 230 4924 4407 4351 4362 2222 7826 9567 8195 8519 795 7937
9 4495 6493 5983 777 9771 3571 2421 8163 4241
23 1993 4537 1054 2896 7208 617 2434 2661 8909 8687 2906 5201 8428 6970 8656 3013 4946 9047 1153 8666 5434 9545 4799
13 1978 9974 9559 1997 7444 5610 9501 1133 3995 4189 4962 9673 6433
21 6649 6924 5307 5783 1250 1583 3531 9248 4236 4689 9607 6926 8532 2789 9119 1103 7332 299 8636 5857 8443
15 8559 2357 3092 57 8034 5135 6313 546 3465 5632 1656 6463 6612 2659 2627
7 9121 6274 9211 1216 8714 108 4432
22 9207 627 9806 8816 3842 3807 531 871 4195 6460 9238 9574 1772 3237 4501 3096 4298 8341 7489 7985 5538 2625
18 1353 4260 9469 3050 1491 3112 415 97 4244 2601 5041 4340 1444 3318 1754 60 6616 2300
14 8406 4546 2681 4048 5679 1882 1606 6506 5960 9596 188 4296 9374 1929
22 9626 5112 2539 4733 9190 4645 8595 3165 5835 6178 3210 1668 3832 2685 7995 7706 7481 1507 6895 4540 6465 3517
22 5902 1090 825 5719 7211 7479 5279 9440 7984 4314 5527 2205 6858 8199 2646 192 3504 5787 9004 5592 5125 7825
25 5598 5113 9316 7876 782 6438 5453 7448 2362 1412 3974 1504 4086 2151 6064 227 1673 4081 2725 6573 6177 6944 9558 3279 6193
23 6965 1689 4299 2382 8110 1886 6422 2640 106 2121 7422 2909 6880 7132 8381 1535 2127 7074 1903 9427 4364 6676 5790
19 3743 2748 8309 854 2981 2115 3127 2713 5389 6281 5052 8776 5327 810 1619 8925 1454 6257 3528
9 4066 1973 5815 3772 7918 7260 9798 5277 7482
18 3025 9685 8902 977 2551 1152 6784 5603 4584 7749 8917 4621 7675 7264 2114 5926 6576 5293
14 8728 6747 4421 6550 2181 8951 9364 1700 1299 1166 7178 4942 2486 1744
6 6039 1949 8553 9716 9834 8131
9 5304 6110 7379 1381 6211 2746 7261 4390 3749
18 1563 6128 6476 5009 3157 7045 2841 2444 2561 9448 8318 5081 6417 8369 9120 7834 9577 3543
20 9187 315 7666 6842 9164 3789 5050 2160 177 4327 3867 249 816 7106 3916 5416 6499 207 8947 3275
12 7640 6457 6410 3614 6904 7890 6075 8349 1542 7350 8622 3313
12 1735 2899 720 9252 7924 2615 2752 5242 3923 5923 7335 4955
9 9901 5060 4507 9954 959 4729 2610 3107 8147
22 5406 8209 2657 4703 3783 4704 5088 8300 3429 2234 9968 3992 4044 974 1446 3151 7970 5544 5322 7281 8480 6011
8 7716 4089 9907 6010 1490 9608 1576 3723
7 2418 388 2349 6334 5977 9131 182
21 7799 8586 7430 6818 2663 9429 46 1846 4699 5160 3798 3751 2359 8347 960 3003 1938 421 5159 1006 8818
19 2429 5818 5748 4050 8940 161 2527 4227 6746 9823 3432 4272 8689 5893 6276 73 7953 8278 1403
21 6160 3384 7574 98 9492 241 1565 1725 9288 193 1292 1264 5411 9758 3161 9509 5127 9383 9700 1003 966
21 7877 9137 2118 5686 6141 66 7278 2406 6344 365 1389 7587 3973 420 6675 8172 1987 6482 749 3903 3153
9 3647 9833 9009 3890 446 2113 9876 1456 7375
10 610 3160 9078 5663 6293 9158 4397 1176 1591 6527
20 61 5034 212 4396 5495 1369 4331 6737 8058 929 8562 366 5785 8567 226 1764 5776 3836 3480 3883
23 1724 9691 4665 8521 5240 895 1587 2817 8378 444 2270 2565 2645 3573 5292 6975 5326 5288 1404 4812 3637 321 3586
6 3239 8376 5554 3739 4450 5441
8 7227 3155 1694 4700 1195 4649 20 8414
8 2313 9459 6684 2914 1084 70 4568 2755
19 6633 8629 8157 6413 6446 6638 4913 8998 2025 5101 7672 8141 4478 7767 5423 6702 5647 1064 2658
14 1269 7347 9070 126 7505 7674 4933 603 919 9339 9746 4308 590 7404
15 8840 8021 9944 448 9179 5913 1985 9388 8413 1584 4055 5780 7288 6241 8569
11 9411 6877 3381 6243 7328 8405 3303 4408 9960 4157 6603
16 8587 3176 7580 7323 9450 7246 7665 3904 3622 147 7817 7998 953 6833 6940 6517
25 3564 2123 3426 5892 1684 4585 2900 5766 1537 4617 7697 9844 8815 1217 7189 8280 5200 2638 8256 2624 2888 1731 3238 8001 8789
5 2278 2736 2373 234 1652
12 5402 6851 6473 266 8173 3729 5725 6214 9338 7951 6748 5225
22 6694 6068 9869 6984 4615 704 5374 9963 5684 3498 4964 4688 6891 888 2328 5828 1991 6070 9215 8939 3514 2508
6 6913 8978 7243 6352 3051 2591
16 7088 1530 9830 9625 6305 7912 5701 2667 9408 9031 8638 4734 7529 9079 8439 7760
9 5161 7575 5564 2763 1244 148 6317 5825 8740
22 7911 1635 7631 9104 6903 3663 85 7043 2675 883 1716 2607 4840 4173 9148 7033 8685 6701 6876 831 3929 247
20 6424 1734 8351 9757 3537 5628 3122 3829 7145 1598 3750 4459 2413 1463 2403 8604 6487 944 5147 3712
11 8578 9109 3505 8491 5163 8400 6130 4521 5851 504 6018
18 9020 3951 3786 1830 4613 6526 1352 7425 8782 1302 3782 3672 740 4073 7802 9488 7247 2620
15 3168 5332 3338 4106 2762 8931 1505 2257 4860 6770 6057 5563 3134 8122 1950
17 8509 8715 6245 6615 4643 4607 3205 6832 9837 7176 1029 3796 4360 9621 3563 1356 5819
18 8564 3329 4080 9613 9273 5962 7316 408 6375 5921 2733 8944 3087 3268 8923 3140 2845 3871
21 6952 3138 1640 7934 9202 5853 3482 6593 4965 8148 4550 4701 9593 8362 154 7852 7244 804 3978 6958 1562
16 5222 4455 3512 1977 8671 8228 4384 4588 4472 8894 9759 705 5368 7906 9354 2786
24 9291 7451 7975 6220 3047 5601 9068 6484 2525 3285 4221 7781 1075 4831 3684 8914 6992 1878 5846 9168 3172 3218 710 6285
18 4098 4648 3263 7567 3680 4764 5043 8970 967 5099 7594 3135 5734 205 3558 3252 762 1691
7 5245 4112 2783 5303 7922 9576 1880
20 2327 9544 1218 9804 6927 4593 2355 7513 8266 5372 8793 8911 3419 5461 869 5895 8226 7111 3402 4383
6 4882 9996 6879 524 3844 3491
21 8204 5721 6058 9064 3477 8167 7066 4247 7592 4114 924 7101 6543 9591 5609 3932 7803 8089 9977 8211 8942
19 6361 6735 2881 32 6648 2745 9265 3247 5031 9379 1071 5561 2365 4572 4183 362 1488 8424 2117
20 3692 7357 6836 7554 3319 9949 1346 4971 3466 412 8291 9727 8729 7598 1321 7932 784 5760 2814 5230
11 7293 4170 9030 9925 1979 673 1484 5811 8078 8847 49
17 4788 271 435 8079 6601 2732 6407 1246 1188 8124 8100 5806 667 5388 9024 3562 8910
19 5343 6455 9586 7382 4139 6989 6716 1660 3673 8928 9934 9110 2684 8565 1807 5178 9873 8216 1015
22 580 7846 8835 1252 5291 141 2790 4206 4564 275 5786 4312 6945 4732 2295 1616 9502 3872 1191 8106 3656 5110
18 3457 4511 8040 6710 3036 3082 7816 6657 7361 8760 4263 9136 5852 5950 9040 5683 2145 1722
11 6321 4403 6528 6937 4837 6050 5800 7251 5735 6322 8113
14 583 7471 3334 7787 4035 8742 952 459 4884 2179 6106 4043 6995 8047
21 1815 5510 41 6021 8128 1884 4485 8806 8800 2035 6757 2374 4777 2400 4715 5330 4178 410 2993 8613 3111
12 6900 3170 8198 4404 7464 2769 5118 6355 7955 4753 5232 9916
21 8189 6875 9105 4291 5751 853 7558 9652 30 5176 2859 5587 4265 1025 2199 6577 7639 7833 3715 7968 5504
20 4536 3424 3866 5347 6729 7096 9561 6659 8820 3450 3776 1761 4810 7545 3348 5096 9600 796 343 7008
20 394 5487 9874 2338 8445 5660 369 6333 1603 6312 186 875 2499 4304 5752 5935 1935 3719 1701 480
22 6456 6752 6327 2577 645 4099 2505 294 2415 7654 1911 4457 4805 449 9348 6990 2003 5365 755 5867 994 3021
13 5027 8073 933 8187 5642 9262 2706 4879 7903 7167 3328 592 5071
15 8184 2440 5310 3843 1787 680 8067 8115 968 5505 7478 3486 5316 4339 5953
19 7711 2511 718 3398 8379 5457 1259 5105 8901 5210 3186 3980 1092 4095 3322 9552 4490 3064 5173
22 554 9851 3830 7737 1627 5674 4503 876 1248 6898 2534 5728 814 7371 1268 1440 7416 9499 4451 4350 6613 2853
21 2774 2520 5507 9680 8989 313 2240 9639 463 9328 2228 2729 9542 6510 3320 5797 1848 4399 3644 2677 2597
8 2176 8860 9398 6468 6631 4049 4057 5571
16 8179 7104 3403 3375 2000 8273 5082 7315 3981 5001 6515 2218 1909 5666 8375 2225
17 8698 4352 3119 2875 3421 2104 2086 5929 3920 9725 654 312 9854 9648 7996 1306 7700
16 4644 5829 7679 7691 819 5911 8495 4082 5203 2637 9200 4795 6093 4779 3097 7603
20 7064 2784 1267 3114 9171 2653 1494 9505 4834 9319 3924 793 5908 9218 4748 7695 3800 4275 3898 6521
10 19 1251 5120 8192 163 1172 1801 5839 8083 9677
25 7229 400 8410 1601 9819 9033 91 3062 969 2515 8533 8511 7205 1275 9083 3960 3503 8723 68 5521 5224 7673 8980 5629 4203
18 219 3029 6265 3795 5054 8546 8667 6240 4487 5139 1670 7596 630 644 4418 2259 3965 6993
7 6780 1192 3507 8934 8893 7527 3349
18 1866 5744 150 119 6771 9419 6078 4371 514 715 6156 3997 7122 9739 2200 4348 4531 3000
23 7849 1852 8346 6634 8795 529 7019 3261 2095 4989 7822 4406 2345 8881 4505 2953 8834 3106 9773 3369 6569 7881 8543
23 3667 8566 3462 3445 9180 5866 9177 8560 8585 9073 2023 2938 1420 9554 3266 6525 5339 8964 2301 7863 9196 5758 9430
6 8227 5062 5399 1129 8308 1705
13 6656 7117 6536 9557 6825 2480 3086 912 4284 2843 8463 4013 8850
12 7455 8277 3557 9712 4990 7068 2220 1638 7809 9955 7183 1599
10 3321 2368 4945 5884 7696 3950 5499 535 2243 2410
9 2507 5654 9890 4016 849 8306 3039 8865 8123
14 7028 608 655 9657 9457 3215 7134 6331 8987 9694 3501 2546 3331 5059
11 8086 1778 643 5872 1906 75 1661 1398 3703 6441 1374
13 9698 2106 3017 4666 7438 9159 4045 8798 7490 3593 6513 116 9360
15 9670 7346 7534 3404 9366 4684 9699 2707 3162 6136 2307 8724 2836 7751 7219
18 5971 7677 9045 9769 8085 8194 2984 1521 2568 1203 5768 1395 515 6137 5149 2575 6688 9910
8 6912 7097 8160 4690 9029 5061 1824 4868
13 6529 9274 8588 4405 1146 6386 9066 7658 7343 265 6087 7133 8874
14 6418 2293 7465 5566 1386 3414 7901 3290 105 8968 8755 7649 2408 465
17 1883 5500 2973 1550 6739 3433 380 4819 9054 3221 3277 9293 6611 6230 8948 2337 2671
15 9166 3572 1223 7172 3542 5428 2613 1511 3785 542 6179 1048 5026 7909 8572
14 7810 661 7086 2934 5503 3721 1745 9962 23 8904 5138 5855 9811 8870
12 7186 6004 5699 665 3026 5371 2693 7954 3250 4054 5944 5672
21 1194 5282 6340 8191 2673 5951 4328 3621 9370 4062 2042 2341 7099 4900 9253 1506 9296 2940 6242 5273 1038
13 2944 4255 9289 942 6744 350 8461 7854 8411 7057 7069 144 7795
13 8029 206 69 1792 1667 92 9737 5260 5700 1875 3449 3824 1740
15 7709 3849 9815 2916 3057 9678 8523 7729 4528 9826 8501 9277 2449 3589 3120
21 4475 8370 7867 2982 633 1436 2388 5021 4921 7987 67 5754 94 6354 7204 6348 2540 472 1019 1510 8022
18 8489 2975 1518 4028 6652 4171 767 8981 4433 2191 1539 2757 9892 5762 2704 4354 4918 6518
17 2531 328 6202 9549 7685 4652 9981 7010 843 1896 4498 4561 1720 3613 9740 8907 845
5 6843 5746 8382 2573 7566
22 5881 9768 3991 7085 9620 376 3784 6013 6121 8952 5569 2 434 5421 803 3004 2371 9745 1173 7577 5931 6191
13 4056 2426 5562 6062 6353 5763 4191 5010 2080 5937 2411 4160 2441
25 9733 2963 409 2112 7759 1613 9075 8827 8505 1470 3121 6983 8673 2552 6666 8234 404 9373 4813 7869 2326 2090 325 4750 3617
20 6654 7224 5626 9738 9375 1311 7150 2184 8662 4747 1416 8977 6918 2962 4463 3422 383 5661 9796 9203
