29 6428 5645 1468 702 896 4476 7668 2096 8256 3167 2055 3058 1742 3923 4371 917 5648 5252 7064 3445 3787 4427 1183 7523 1800 3734 5774 7270 4915
30 45 9282 6785 1066 6983 6504 3703 572 3803 9327 9260 2924 6814 6993 9672 920 5026 1495 5357 7283 6549 4920 4729 5225 737 731 9293 4714 212 9895
29 9475 5262 8177 1037 3373 1562 2468 6522 8848 4264 6069 8859 6378 198 7491 5268 2432 7217 8827 1582 6383 139 3469 5719 3842 1939 2999 6157 7063
29 2822 724 811 5156 2640 3455 5210 6299 117 6535 1671 2522 6997 5830 4423 6414 6629 6861 2975 1806 6132 5743 3823 3224 4287 8981 8487 5178 8009
28 6599 558 3505 9506 422 3716 3443 9235 4874 431 1694 4021 4147 1642 7099 9122 7626 2492 8113 6987 1814 1989 5286 1470 6503 9452 2634 7264
28 8103 3511 8468 7496 667 9899 7430 1412 9753 4193 6097 8215 6552 4599 9367 5191 6539 5056 5816 9083 4554 5089 9108 7717 547 6184 6542 3531
28 8450 9561 8399 5153 1421 4248 6566 9745 8460 5502 9548 4882 4379 7860 3894 6439 3576 2087 7495 4982 7391 1372 5728 2691 9535 2143 265 1154
29 1566 8404 6879 4870 2755 2201 5499 7117 926 8476 3228 8967 2900 7809 1667 1783 1673 5422 4595 7403 3497 8157 3447 5702 6818 990 7371 1665 6051
30 6261 1833 8523 1192 4436 6677 4639 184 4589 4577 2097 7345 7560 8446 2617 5540 4027 5493 8429 8161 1026 1381 4848 4733 4367 2703 8024 4791 2157 6091
28 835 3877 9868 1909 7976 4718 3091 3587 9149 4652 5036 644 9618 5761 8762 9823 381 2700 6685 154 5933 9318 7714 8567 5344 3522 3381 7187
28 6198 9328 6600 5377 4777 7144 7406 662 5439 5843 3608 636 4425 729 5104 3605 5013 4299 9016 4206 7034 6723 5039 6324 2712 3467 6680 7215
28 9670 4049 5532 1818 5566 1025 5058 4566 4341 9818 2062 6098 8345 1029 5804 2034 2327 2128 9518 3792 2002 897 312 6907 749 491 1484 1185
29 1959 8502 7574 271 1926 2168 1441 1804 8264 4831 3105 6252 8691 9845 3063 6134 9297 2070 6827 9711 8806 1202 6541 754 6366 172 2915 2901 3952
30 156 8724 698 6819 273 357 7176 8798 7561 6236 1259 83 359 5579 7623 5477 9119 803 478 9511 4711 4102 7452 6661 2328 9805 9828 7631 3159 8670
30 6440 601 8568 7183 4917 5182 4030 5228 9437 9531 5384 4921 5442 7846 3585 7012 3677 4492 5389 4399 1649 1945 542 3483 9523 77 3607 8744 3529 7690
28 2921 5370 6578 2933 3396 7845 4942 3326 8793 925 332 1557 1618 3685 5093 604 8498 6940 8269 9911 8340 8101 9623 5017 7923 5526 3279 6279
29 2603 8453 8447 3383 7230 5574 1794 3001 6652 194 2243 8623 8350 6612 2082 8871 4815 255 248 6020 8612 5363 3655 2197 4936 9045 5432 6898 7527
28 2234 3265 2335 5237 7279 1515 8417 3486 8036 2415 5856 2943 9964 55 5909 7310 4240 2447 4389 1884 8212 7250 4426 2953 5196 3668 4502 447
29 8033 2265 6001 5865 6459 6444 1787 8791 6764 1132 4292 2651 2826 4132 9261 5202 7385 8028 1336 5986 5099 8785 9146 459 5677 3936 3092 6332 2296
30 2734 8698 1896 2418 460 3623 9773 3804 1368 5312 2947 8499 2986 8448 189 4226 4883 2740 6946 6792 6140 7786 8557 9789 1686 4666 5593 3030 224 6207
29 4467 6638 2803 6093 9019 9033 9777 5201 7768 9853 5976 7761 9983 8337 5840 1838 5214 7159 6400 759 9230 8664 6342 8706 3800 7106 9003 966 3006
28 2635 5354 4701 736 2965 2394 6703 311 4521 1039 8677 258 1962 6996 30 9197 2110 7189 1291 3967 9834 4810 8772 9032 196 2911 6960 2719
29 1179 8090 9498 7329 1809 3391 7286 7065 4953 5183 3813 4293 4100 6809 6757 3896 5076 3319 1213 2596 853 2773 9176 4326 3614 1705 8374 6390 8696
30 5266 5955 9257 108 1442 7992 9147 2673 8673 3544 7330 5311 7766 7340 6137 6591 9430 1057 1654 5043 2192 4225 3689 9364 9221 3015 9778 5844 4707 9510
27 3039 1377 3701 3322 462 2101 630 7927 4388 5238 2474 4658 5600 4829 2300 3047 5614 2453 1116 7819 7818 876 5521 5936 5471 8771 3554
29 5876 9925 2864 4507 9785 5658 2775 4795 6393 720 619 7816 7645 2066 4074 1504 8373 7437 285 7573 6333 4308 3002 1583 1378 9476 3328 3868 1596
29 2922 8246 7439 8890 2323 7865 9456 2674 2281 2955 6820 9993 1935 6486 568 9668 3639 985 705 9516 5165 8209 9377 5158 2478 4981 3645 2936 7207
28 1134 6257 5195 8052 404 706 2391 7840 5159 871 4665 7939 9187 2811 337 7681 3740 2113 5931 4663 315 4409 2383 7281 3760 1255 8216 6804
30 9151 6021 4766 2482 9817 1659 6731 7988 1167 5146 1545 532 9871 858 125 7233 4373 1511 5287 2886 3414 6023 8069 8342 4267 8606 7770 4735 8062 6017
29 2139 2086 4951 7894 9397 15 1243 3243 2001 9889 9090 1630 4179 805 895 4335 7630 3602 4572 6043 4216 8229 9193 7342 5459 378 7764 655 7577
29 6975 159 4807 7384 7109 8277 7086 8454 8249 1193 9363 7082 5106 3849 7696 1353 5622 1848 5150 9783 8397 1078 7895 983 8695 9244 6271 3285 6065
29 2717 8184 553 1139 1152 6123 5188 5303 9324 3784 9420 9110 5694 832 6399 1517 2315 4482 5733 967 6034 7113 5190 3424 181 9613 951 5418 3082
30 2368 3968 3833 8797 8829 338 3722 5323 3830 9781 3320 1622 642 4430 4986 914 6166 6376 8034 923 6314 3969 6642 6801 8985 8032 6360 4237 4585 697
29 1434 1753 766 7042 8906 5416 8293 7800 1420 7629 6185 9087 5405 3415 4748 7587 3067 9674 5554 5605 4211 9840 7600 4681 2264 4437 8290 3334 7326
29 9738 9742 6347 4169 1835 5226 9097 6826 7369 5496 7876 6586 9497 4930 8436 4855 8860 1537 8804 8947 9000 1902 3022 3084 235 1634 4998 3530 8618
30 2446 6956 4166 1407 6374 4018 7408 43 7392 8004 1082 5440 2946 9158 7290 3152 3662 5567 2227 3248 5288 1696 8719 2865 7972 3649 396 9094 9782 8385
28 3117 94 7015 7331 9454 768 8958 6747 1326 6697 384 5834 8390 1170 1894 6521 64 1845 1201 5893 1663 4463 25 6222 6041 9767 8387 7021
28 6933 2996 9942 1983 2526 4697 1138 1998 3430 6872 2763 686 5611 1847 1719 4109 2445 4035 9749 8524 7920 6840 7486 4664 6506 1079 764 2611
28 3353 7382 7569 7636 1049 309 1095 4015 7981 565 1256 3606 8145 9458 9217 264 1606 1341 1955 2449 8729 963 1874 8343 4840 1550 6650 9770
30 3060 1539 8870 1860 7985 6348 5796 7777 8235 2175 5142 715 5701 4985 4925 9935 2888 955 4609 4023 8822 2222 6080 1900 9065 7746 4947 1678 8715 9784
29 2995 7995 3551 6754 1964 7482 7149 4394 4465 789 4647 8562 1933 5306 866 6462 379 5755 2270 6736 935 5264 7465 8088 4927 426 9463 4775 7722
30 7849 5160 3856 7689 8324 2914 1913 5022 9898 7693 9254 70 6460 5198 8807 5270 4737 6963 4261 5444 6349 4445 6848 3996 5615 3717 5926 371 1212 1289
28 5260 6227 7918 3333 8833 5102 1547 6446 8322 8040 2028 1867 2262 3321 7130 5299 5531 180 1480 9199 7497 2190 2612 6077 1396 6303 3062 9192
28 6430 6330 7708 3312 3735 9263 7607 7872 420 8206 7032 9809 8115 8137 4317 8295 8029 9465 976 5754 3230 2619 2796 6745 891 4793 2530 3386
28 7678 6791 548 7458 7151 5726 5683 6686 3195 1477 373 1548 2397 709 1046 7924 9409 4648 1058 6525 3413 6548 1718 4459 2105 1916 3422 5921
28 5254 9246 6729 3618 6748 5082 8178 9795 4025 3648 8894 7531 7404 6129 6873 9421 9323 5810 3852 5335 7945 2579 5380 5582 7107 3985 8583 2661
29 2150 3611 3533 3501 6961 5585 397 2918 6389 9990 6567 2931 8222 3686 1936 2464 8031 7081 9487 4861 7640 707 3294 6560 4959 5813 5849 7921 7471
29 4172 9446 9591 2715 1398 158 8924 975 2917 4900 8877 3548 1698 6878 4633 1439 8972 4645 3371 8496 3809 2621 7902 4999 9253 8559 9987 4556 6055
29 2870 3384 6610 7752 2479 443 147 1898 22 1370 3166 3277 8931 2390 7077 4637 958 9683 6249 7783 2688 2196 7567 6209 6838 2567 2716 4256 3642
30 9053 9054 9460 2512 8327 5020 1076 5863 107 9338 1242 7407 1709 3121 6829 1458 1054 514 7292 646 591 2861 1922 8202 1112 889 9947 2306 7885 7911
29 187 7609 5595 8919 3518 4084 5525 7061 8911 8458 2230 521 8861 1056 1482 984 5731 505 9929 8703 6165 317 5155 7602 2203 6008 9866 6480 6491
27 5959 9440 3681 6003 7650 8072 236 2136 4003 8603 7037 7525 9300 2413 6742 4819 650 3433 176 1077 5710 1031 1375 3014 5491 9161 3570
28 333 8315 9957 915 7449 2353 1681 704 2771 5911 5133 5350 4582 5200 1661 3753 9098 2309 4860 347 6126 7339 8556 4407 4811 3931 5779 2480
28 2758 3288 687 3987 2767 6876 132 5759 4044 5403 3546 3490 4295 3065 210 2283 5187 595 7168 122 6886 6101 5624 1714 6181 556 5897 7272
30 7833 2766 5197 5675 9416 2036 4302 6112 8518 4306 3362 1168 4873 5024 3759 5220 8223 14 3552 2029 6682 2172 7913 1966 4790 4584 7858 8916 4962 1993
30 7318 4830 5149 5965 8282 3009 6554 1414 9380 1839 135 2867 5699 5913 8334 9552 3137 1047 3193 8643 8 4245 9259 2597 2065 4138 8895 120 3080 7649
29 9058 2156 9791 4214 2145 8765 6816 7379 2525 2071 9976 2040 6882 4601 1885 4414 4232 5154 2684 5778 2787 3726 7501 6619 7730 4619 8037 2016 7456
29 1785 7566 5209 1862 3295 6421 7870 2334 5253 1032 7243 9821 8231 3807 4551 6837 6802 2792 4742 3428 4198 206 2545 8788 3547 8953 5489 8470 2518
28 2584 7132 9992 4099 780 5783 3479 2433 943 8150 5509 1182 9222 6337 5716 1535 5394 9981 3718 8086 433 3673 2392 7601 9208 9774 6947 1397
29 5634 7781 2442 4909 5181 1604 2129 1541 9554 4158 8668 6707 8507 2354 2615 6365 775 4310 1741 875 5563 2461 8287 9620 3588 5466 321 1001 5638
28 493 3104 5846 6402 434 6844 6007 2313 2542 620 7925 5998 9311 8149 9344 6350 335 1941 9597 4606 5004 5358 826 4450 253 5161 8619 4690
30 820 1492 5136 144 6382 2633 5 690 7278 8528 6329 1349 9952 2520 6272 3889 1416 8087 7808 3615 8403 9234 988 4449 113 2261 1881 287 8879 2436
29 701 9248 8080 7969 779 8250 9229 9107 3724 1118 9771 54 4696 430 664 4477 1272 2425 5498 3638 9396 6107 5735 2729 3727 5907 3840 2215 2630
29 8854 4634 8740 874 8699 304 6049 7028 743 5568 569 5770 6728 8142 1706 9292 830 538 3621 9614 6514 9313 7445 8393 4360 4479 3345 6217 2406
28 2038 4107 1365 9522 2573 5680 7158 9238 3604 4079 5059 7863 1034 3778 2204 6448 5924 3928 2702 9237 1569 8923 8853 857 4337 205 2807 5470
28 2772 3832 5245 1036 3762 1016 4309 1917 200 8025 9720 7267 916 6749 2032 7200 7733 7425 2974 7821 7454 7659 9881 5864 2572 2123 4923 7341
28 3155 1125 3027 6234 9640 7974 6167 2797 7202 6860 2030 6999 7949 2576 4761 3470 6079 3790 3714 2277 1617 543 6911 3369 9710 2357 3366 9643
28 8725 7794 9104 8120 3367 7728 2782 3420 8687 7651 6033 2935 609 4602 5786 9214 4493 7133 8869 7971 3750 3577 6293 6709 8830 3474 4235 1635
30 4891 8579 8543 6655 8540 8584 2258 1784 3465 9436 5068 3506 1163 6206 9010 8329 2581 4106 8119 7093 6270 9639 3591 5341 3752 2422 3173 7123 7747 63
28 9191 2163 6497 9951 1278 4976 9302 8532 793 1792 6210 5292 3879 1249 6048 2312 4191 3737 279 1343 7092 8922 7734 6717 940 1540 2561 9418
29 2098 1387 6888 3914 7367 5705 5351 250 4185 7745 7875 7706 9372 6941 2171 8550 5479 1346 2026 6777 5494 5576 7055 2360 634 6203 6755 2957 7688
30 3448 2830 476 854 4824 9515 9027 8834 2536 4145 2183 9500 8857 3124 6063 3983 3672 5958 588 7447 9512 1384 3739 5558 88 9576 2706 451 2213 9527
29 3183 8644 6687 928 5171 605 4323 7541 6163 6015 1688 4101 9179 4343 5947 5695 407 8757 307 1101 1722 4755 1497 6631 7121 3457 2895 2952 8694
28 7136 6982 7448 8586 8261 9761 1373 5170 1730 7835 1526 1292 239 3974 7146 9325 3869 3432 6195 1230 6297 1041 3627 5599 859 6305 2444 6806
29 719 8085 3765 2693 5109 1448 221 173 141 5900 594 4440 1436 7321 7363 9050 4522 4847 2723 7095 6880 6089 821 8112 8247 3601 5375 6587 6632
30 6812 4922 5903 3099 1053 8966 6727 8022 8641 5012 5597 6183 3134 5848 1968 8422 7378 3204 5672 508 4330 7548 1162 1500 5408 2211 6988 9573 8167 582
30 6507 8669 1040 6928 3844 4391 2058 5446 177 4641 8055 4657 8106 7308 7346 9707 4839 6384 7353 2118 148 4203 757 2284 809 2533 8987 5859 1399 8114
29 7782 4662 1285 2169 3696 6485 2642 4692 841 110 9035 6454 4825 3502 8254 6075 2341 3596 1246 6035 2361 3561 6281 7583 8708 3906 3468 6061 9741
28 5371 2198 8934 7552 7543 4286 2359 9184 4083 6084 7305 6224 6178 8384 2220 4488 7673 4704 5060 5616 7749 3053 8763 485 7788 9422 9018 9837
29 3016 750 1196 9685 3259 5436 1689 7338 6328 734 7503 8907 1126 9 9390 5737 9427 4010 8973 6894 1528 9305 8852 5342 8637 1820 1323 341 4659
29 6056 3198 6245 8003 3331 4677 2710 6309 8914 8723 3835 9575 9855 109 1314 9359 8175 9999 755 9875 3900 9245 7892 4468 2990 4412 3101 1268 5738
28 3440 3756 7787 5794 8083 6681 7185 3079 380 5074 4579 1493 1919 8426 8901 7779 6758 481 8331 1296 3509 8485 948 2938 6311 1607 845 9212
27 3883 7545 1768 5129 8273 8418 2770 2499 3156 4888 4281 4914 5438 3700 6895 733 386 6039 6957 8021 7827 6579 3352 1981 6673 3957 4014
28 5832 6488 1067 9559 6995 3049 3741 2027 1602 4241 1724 1319 8482 1401 2077 3129 6905 6417 7083 1356 2764 7933 732 3157 7478 5970 9838 4331
30 9822 3075 5952 7929 2614 721 5901 679 8263 550 4163 7753 9116 2686 4862 8362 9852 6850 1584 9611 913 7434 7204 5300 5996 2505 587 1638 7315 5517
30 389 7179 2152 4535 8530 1923 4514 9406 6312 8483 7484 6191 8611 3705 9002 7018 1456 4244 3885 4372 672 9541 2317 5873 1374 2214 2448 637 9015 4275
28 2440 9764 8170 479 9384 9937 1996 5177 5401 1883 8391 5963 6367 7532 6418 1114 7206 1640 8054 4725 6081 3309 942 5294 8164 8918 2249 5707
29 1711 9213 7031 5472 4151 7177 7842 1238 2541 670 6233 4064 584 2121 7588 4351 6644 5248 3327 4618 2023 3924 3572 4270 1287 4532 2291 7153 694
29 3636 1752 7397 9933 6445 2126 2018 9943 7660 4483 3262 3298 7443 8185 1905 4421 3927 4118 3244 3550 5979 4816 5221 149 7705 4384 7470 6598 2254
28 4611 9688 281 8841 3992 5542 1487 8920 3341 4396 6609 9029 2495 8371 1494 6540 6106 9776 7003 6555 6923 9859 3910 4905 9679 7246 6842 202
29 5604 1030 4757 1675 8074 4192 9909 3625 6750 3989 6893 6849 5894 6484 2739 7763 5880 4654 4604 8825 7302 9306 9903 3450 8979 3653 9444 6133 6906
29 3190 9360 8125 5942 4 5713 5744 5138 3934 8783 5687 3484 6449 5847 680 2882 7888 1351 2246 3466 9271 9114 5932 7354 2976 9041 5667 8132 6164
28 7674 3452 4503 8547 421 2912 675 6212 2403 1307 7336 8413 2465 6945 7725 492 52 2133 1823 1992 3874 8010 7048 6832 480 368 2585 4978
29 691 7642 2332 7638 6030 4123 6618 3528 7748 1532 7472 7039 292 9081 4448 8355 903 9046 5655 9944 5807 7140 2905 2250 8994 3796 9869 9841 2894
28 327 957 4543 9236 6973 375 6304 7896 2161 6515 1226 1206 8591 9389 1552 2475 8210 1073 2112 2676 3624 6926 9637 6325 6012 8978 126 7364
28 7245 8364 2069 2384 5258 6481 4307 9461 8469 8655 1435 1915 4410 7344 9355 8221 8461 4143 9337 8656 1355 4537 8160 442 7386 7261 1739 6730
28 1826 7205 1339 3903 4715 919 1300 2748 74 5523 4489 2426 3839 6174 2424 5971 9040 1973 7961 2898 9319 1859 6909 3687 621 6028 9645 5044
29 8172 688 2330 4239 2048 684 5368 134 8000 7580 9056 4435 5488 9287 4813 270 1391 3068 6058 1379 6568 7451 6774 4721 6828 9064 3008 3555 6422
29 9832 1938 5756 4068 9966 9484 167 3644 5739 4588 6690 5983 6674 9655 8094 8109 5577 6924 5825 8304 9946 6468 4744 2363 7666 4531 9563 5280 7533
29 6130 4581 9200 6117 2253 7180 4076 8897 8377 1120 5514 7195 529 2589 8675 2225 2753 4470 8571 6604 7535 9682 4613 7306 6408 1943 2516 4963 5065
29 8141 1187 9417 2777 3866 6718 9825 5079 3489 7680 790 4153 7785 7589 6044 4213 9483 3043 5131 4894 2641 8136 9063 1877 9934 9927 8187 4635 2507
29 9601 6897 3656 2012 9120 1795 7016 7467 6971 6584 7291 1000 223 345 2428 278 3939 6512 7476 1803 5421 3338 1782 9450 4320 4702 2881 8412 1298
29 6613 4494 9695 1590 3811 1631 1639 2450 7111 576 7473 3273 4612 7242 9996 3978 5037 7813 9867 6571 8600 8382 898 5665 4411 7223 7839 5473 9604
28 8995 9727 5213 2244 1737 9462 1592 800 8042 5508 3286 4456 2790 5048 5727 2187 8226 5692 1563 7160 3115 1018 195 9277 192 8959 6955 8392
29 5482 5673 2793 7120 3953 678 7022 1340 8812 9308 1011 5327 334 3926 4420 4471 8190 2419 4865 4133 2742 7274 1481 5120 1957 7738 6762 870 1990
28 8980 27 1807 3201 8193 289 9467 1258 437 4559 8213 301 865 7884 7557 2949 6807 4541 2941 6949 3749 9399 2025 1254 2170 937 4526 8314
29 5455 9194 328 6482 4219 1644 908 3300 3299 3654 7664 8153 741 5417 8255 3108 5505 4509 241 9758 2871 162 6316 1546 3111 616 9991 1345 4821
27 207 1035 8286 4957 5117 9874 9121 1302 3234 5603 4028 8604 909 3441 6220 5642 2379 6695 774 3140 7145 6355 441 4020 8077 4058 8932
29 4119 9740 3772 1148 6910 4933 4278 9272 6919 9499 1360 4687 564 133 6006 8578 2798 226 9480 829 2831 3358 7101 3998 8117 1446 7772 1367 969
30 7138 2146 5967 6635 8950 4629 4887 8494 2853 356 3850 1564 4284 1097 9824 6502 2193 8139 2229 8671 5047 1755 1155 3994 8685 3859 2088 7837 8268 4977
29 2223 2091 4794 288 9095 3851 1750 499 7931 5490 9812 6145 3246 4011 6147 9400 263 8023 6958 1757 9663 3864 8632 8955 1765 8060 2985 6546 8311
29 3425 6543 4122 2876 7986 7436 6658 7489 4630 6276 7942 8191 403 2404 2704 2324 2108 3891 7208 3566 2880 9744 4209 8576 8306 8516 2487 1522 5690
28 7080 8653 227 5247 2239 504 6341 9936 5862 7661 3925 997 2080 9455 6692 9617 8667 1231 8868 7504 9574 520 9004 7647 497 5960 9918 5723
28 6042 1568 7793 276 3763 3845 1133 7598 8389 8728 4201 545 2878 9160 4779 9681 8764 887 5841 6691 3597 7594 5184 8823 1404 5729 6235 5033
28 3187 7229 7096 2524 6620 6278 4903 1865 7592 9733 5749 9857 3127 7792 7692 4845 9659 5186 992 4285 3032 8427 6659 4297 31 3664 3769 2367
28 8598 9594 4632 5134 906 3680 2057 185 9675 2788 8466 9593 3721 1261 8489 4902 4496 1240 244 5111 2347 114 4783 9713 8376 3758 1503 7936
28 9861 8128 9361 3598 7579 9096 1093 1770 5302 5822 3229 4990 3454 6780 2645 5732 4207 7994 1702 3751 7669 4484 8647 7524 2311 8416 8589 7555
28 526 9662 7695 69 8936 1283 7412 2738 6162 2538 5906 5480 5290 9792 3801 3853 7737 2660 8230 3282 6071 8951 1005 1347 2054 9748 5551 900
30 9145 3562 1060 665 7798 2966 5883 4597 9133 1609 257 3670 2124 259 376 1063 7196 1858 9174 4653 1394 6913 4242 6239 6260 2862 8880 8270 9109 3399
28 6340 3827 3258 5127 8234 8937 6267 9495 7390 9835 8943 6585 9278 989 7171 7499 8158 7578 7963 7211 3862 2117 1633 2618 427 3816 6564 5320
29 6096 9960 9166 61 2350 2555 5229 2608 8463 1098 4272 7776 5811 1650 1188 2549 1887 5573 4498 9693 5745 3307 11 6569 6916 1967 2467 6843 2423
28 4904 4949 552 1976 4249 3275 8756 2531 4117 4446 5904 560 3290 8826 213 5956 5487 2899 2460 3915 9265 5824 823 894 7413 4954 1136 1099
30 9392 804 1691 9787 3306 1380 6452 320 8423 987 7614 7906 5289 2019 7298 3180 2631 414 7079 4879 8452 786 3133 7799 9074 2866 7968 8640 1690 2338
29 9106 8546 9820 8431 7020 6000 5126 9055 9975 1759 9883 2373 3817 3635 5993 5767 5646 2593 9587 9922 6064 5283 9715 6501 5101 4984 3057 5513 3504
30 586 625 7235 4091 7026 4784 1760 851 8292 2707 7743 5951 7059 8752 2730 245 4434 3820 1450 4826 3012 1251 9472 6702 5337 7544 4561 4353 1791 5193
28 1813 1191 3471 4279 1267 1293 91 3182 2961 1317 4140 5124 6025 9501 4598 3389 4129 4946 7563 1729 8091 8635 8179 2046 6002 7804 5029 819
29 3042 9288 4773 2469 2906 8766 8006 7296 4444 2552 7131 8189 1321 7739 2372 5790 1013 5123 4837 3395 5684 267 2079 4593 5261 1486 6776 4708 8395
30 3516 8472 2000 1100 5968 1217 9961 4809 5168 6344 8318 8832 567 2235 1963 2527 3799 302 7141 6589 7599 1362 1912 8648 3527 7617 4518 6189 6647 6479
28 7643 9157 7475 6363 8063 4628 590 9395 6186 1248 7727 4375 6646 382 1457 633 1195 7628 6788 9105 9373 4000 6751 6201 6901 5948 7194 9914
30 9049 7047 5492 9755 2430 3292 8957 939 1821 3675 5366 9529 2188 331 3199 4128 2125 7546 3085 8291 7398 6458 2356 5085 6076 2718 5650 2400 8443 3143
29 1141 7006 7402 4717 6516 3755 7299 9350 8541 2320 9368 6773 2818 1829 9796 8051 9140 5236 2164 3976 5858 2240 5011 8045 6761 8061 5372 7422 3810
28 6781 1824 5984 4937 60 8884 2106 5850 1836 5425 5314 5550 3314 710 522 7053 999 324 8563 272 410 5437 1811 2257 453 3072 8768 5208
29 4523 3240 6931 8781 170 8445 4304 1593 9078 2039 4691 161 9092 2017 3806 7859 2287 9209 303 6443 1733 8735 2377 880 9291 3909 5678 1559 9802
30 6570 4574 1330 5751 9273 5313 682 3103 6547 6572 4062 5420 9218 1102 2114 1070 4113 6334 812 3776 1940 867 3200 783 2427 6833 5430 8743 1653 7502
29 9435 8504 1186 8885 9150 4082 3225 174 87 7415 6914 2913 6368 1467 6228 9196 8242 1763 8495 5853 5625 5888 8252 2896 8219 7677 3161 7178 4916
28 3875 862 1556 8118 9702 6922 8991 8365 5053 230 718 2255 7459 8842 2671 9570 6884 2321 2592 5641 6070 9550 9661 7289 2819 6074 1928 7908
28 7851 3210 8952 9224 9772 220 8737 6470 1897 6268 546 4344 7157 9008 3920 6530 4570 8866 7632 495 4626 9210 2987 5359 1227 2008 4881 7534
29 2849 1817 6214 7309 6756 4009 4530 3090 1149 2303 7419 3494 2355 6951 628 99 3886 1161 7143 3945 165 1534 6254 3135 8515 7100 3074 2809 4678
29 9141 5388 8166 8624 6073 3836 6616 2409 7755 9317 7091 1444 8956 603 5072 3616 9066 3184 2402 864 329 9086 5316 6335 5173 439 1801 9555 6216
28 7320 2381 3693 1205 2756 8693 1236 6866 5084 7304 9526 5000 9250 8915 1409 7558 6403 1578 72 6529 5656 8344 8739 2491 8146 8731 9152 8887
29 3660 5524 1348 2263 1505 3610 6710 6057 9044 5293 6800 1799 9651 3317 9060 5775 7622 7273 9266 4670 4007 1107 5381 1930 730 1288 3202 6179 6627
27 9488 5613 3579 9286 873 1042 3335 901 974 203 7355 1085 6471 8124 9810 9469 6288 4451 9965 7530 4210 4039 44 4682 3404 4685 7162
29 681 4469 6720 5898 2140 2013 4252 466 2322 3130 392 9012 3020 8686 7112 5842 6223 4557 6939 2208 4731 8676 9652 6103 7119 4291 3962 1533 7460
29 6885 5325 1734 3519 7890 7603 795 6105 2337 1028 6037 7071 9677 4992 8007 5752 8759 5239 1033 8537 763 2932 3980 1086 1716 6490 624 9403 6413
29 3766 8394 446 4480 5520 4817 7691 7675 2274 6711 7328 1585 5063 2817 4167 1567 5174 6487 9316 2127 4073 9449 7073 4108 2248 41 3024 6142 3818
30 9581 7613 2874 9632 6410 6322 6411 2908 1882 5821 1872 4732 9007 2463 5839 2869 1469 3359 8491 3255 7797 5892 3070 3995 6797 8846 574 6737 2582 2107
30 8858 3860 4170 9459 4926 6767 6500 1151 4724 3069 9842 1045 7941 1870 5152 6904 112 8847 7879 9401 7571 8071 5088 808 856 1316 2345 6626 4364 9346
29 1579 3209 5324 2858 3620 8663 2154 5218 6562 8486 1849 7000 1371 6024 5135 4258 3971 7231 2131 246 6095 8359 9539 4850 2393 6308 5054 946 6511
28 4182 2351 5938 9128 2535 5797 9803 6205 2142 1083 5781 1023 9739 9118 7431 4112 9295 5340 6307 4668 728 7169 4336 9034 2537 9687 1313 9768
29 5835 2191 3128 4458 4560 2401 7361 4387 1767 1693 4857 2808 3975 3584 4288 3963 4378 1117 5385 4359 104 6805 4651 9201 2104 9001 8891 2493 2155
29 8078 9718 5653 7253 5151 515 9665 2238 4348 9737 3364 6238 71 1744 305 982 1050 8900 2259 8312 1200 6592 5709 5009 4196 3274 8236 7806 411
30 3709 9038 9441 5881 1080 2236 1521 8488 6550 3254 5547 8047 3174 7549 3944 7893 1221 1088 440 5927 8767 8181 8508 2374 8084 2498 2848 1991 8265 7414
29 2600 9443 4259 598 3707 9678 2609 4550 3715 400 3791 5404 1128 9185 4776 9564 7236 744 3773 3999 9493 506 1443 2964 7508 6798 6320 5562 4300
29 9321 90 7251 1614 2212 9856 6395 4385 4031 8258 5279 5768 3622 7973 3461 6698 5541 5098 7350 5194 3617 3526 9945 3713 9865 3959 9071 7399 5486
29 4960 8948 8969 6474 8204 589 1004 8553 1810 7097 7950 6582 2316 7612 1662 2185 9630 4094 7510 4441 4333 6047 2669 661 3237 2523 4643 283 6787
29 5919 4980 528 5632 9751 7715 4486 1735 8627 6385 6705 2948 3798 9694 57 8610 4033 3293 500 2490 3296 269 9657 2177 1518 9320 340 7654 531
28 7427 3628 8977 3746 5423 791 8968 6978 9231 1423 6574 2548 5869 861 2970 9312 2111 7210 1624 9269 4536 2199 6782 6577 4346 7852 7608 3748
29 7662 3929 6294 2940 5910 2166 2429 4377 6559 3086 5322 3825 1172 387 5450 1171 3301 56 7570 7762 5891 4022 3626 6602 5515 5882 8484 5216 4789
28 9180 1415 8710 6258 4529 5654 8865 3040 6218 7045 9562 3515 4376 777 7058 7172 2216 3419 608 6346 6144 4342 2434 651 127 9358 8307 2451
28 4114 4671 1956 9732 6102 5868 8634 1440 6436 8211 9690 199 9057 5451 3132 7199 8129 3013 5495 6394 2733 8748 3699 374 7477 882 8941 3808
29 570 846 7529 2971 1776 8266 7538 106 2832 4958 5192 1389 2314 3382 3271 5978 4438 1581 5463 1273 3189 5449 7490 1580 9788 5918 2829 4111 4188
28 9543 5939 9075 3005 5456 1588 9955 4950 7405 8123 4822 1723 9249 6187 9959 7853 418 2411 3728 4301 4154 9379 5575 3208 5569 9723 5953 3634
28 6392 7175 3051 5349 2815 4983 8746 6902 3905 8588 5297 7400 8939 8020 1146 9716 6323 3571 905 4439 1234 242 1447 1685 8197 2501 4461 7568
30 2851 4260 5503 8356 7161 9428 784 6990 1888 9798 7268 9482 8899 2004 3828 3888 7909 2945 8420 2662 7780 4528 5992 1318 6499 7807 6068 4268 3444 1199
28 4753 9243 8592 1822 3405 9165 3205 2613 5235 5659 4032 5282 6114 9256 8597 2889 461 9706 179 4854 7085 8014 1841 6943 806 6029 7850 4871
29 1999 5147 5771 5545 9175 7769 81 365 5772 1620 9376 1899 4689 9068 1553 4120 4676 3814 9653 8016 4159 9357 3861 8302 7713 2749 5780 9349 9556
28 4967 474 330 9352 7575 1969 8320 0 4190 8493 1516 84 5395 2977 6544 6072 8288 9471 1366 549 8704 7311 9036 5091 892 5685 2925 2494
29 5588 816 8492 3679 3582 294 2295 3297 1411 8262 4679 6318 6693 8435 58 8490 6432 9077 9528 6734 7825 136 9722 7512 5660 3988 8792 7697 4747
27 3873 8383 6151 1772 4200 2801 2644 4315 7046 1096 4443 3310 8775 2893 8732 7898 354 7832 6193 401 6290 9819 978 843 5507 9544 9932
29 8044 1925 4568 6864 8613 3283 9540 5587 2562 6606 2760 8437 394 6508 8630 4424 6204 1789 8259 3690 4208 9479 8104 6887 3943 6972 3083 4135 5392
29 9351 929 4060 1014 1560 7383 5610 308 9362 5510 6715 3892 8755 8512 8886 2369 8688 4800 6124 9726 9644 3843 3725 5649 2751 517 2737 8402 6596
27 8346 726 6416 1745 1239 1677 7441 5887 3865 8602 3392 8801 7701 7948 5943 3499 3231 4475 5061 2958 1514 9167 8363 7192 3289 2075 2528
29 8849 6668 5528 7698 3410 2768 4093 7878 8517 7597 1749 8159 2720 3464 8341 1819 6977 9717 7428 4786 9386 5607 1570 3838 4631 2275 4698 3956 2623
30 175 5326 3937 7922 1059 3266 8711 2591 3904 3158 2654 2260 4212 9490 4578 48 7515 8960 8425 490 4686 2035 5328 8127 1997 8058 1393 448 6240 7559
28 5014 3235 6992 2305 6790 4408 4858 4487 2179 7401 5175 2647 2408 7288 639 1488 2231 5640 6789 3052 6122 6903 9301 8527 8100 3226 7537 5269
28 660 3482 9492 5310 7519 238 6676 2266 5969 5879 6225 7188 2877 8015 5067 8283 2484 1910 7070 1332 8275 9433 4705 9759 1629 6435 5836 3116
28 3387 436 1704 3476 6351 4587 1203 6369 8154 4432 3078 7068 2685 4180 7953 4139 6078 9262 9345 8817 7 5250 6899 1786 573 7002 3901 9255
29 6197 286 3630 2399 9612 2358 3783 7866 9059 4931 5055 8889 7554 9280 6345 9453 5730 1376 8186 2598 4491 7193 6636 4505 4490 6495 8070 3918 4539
28 3491 9445 182 6168 9123 2339 7327 150 4575 7671 3742 6651 3356 1483 5230 8095 2697 5393 7624 2515 5722 4971 5180 5819 1543 2904 4586 977
29 3831 8607 4390 5113 8049 6113 7679 8569 6738 5369 7709 9910 5169 9906 6298 2546 2278 2292 2690 8419 1844 2455 5452 1974 4008 6704 9113 4940 5240
28 6423 4501 4754 3385 3612 5860 1674 3281 8005 2689 1837 353 8659 3136 9334 9729 8999 3960 1903 1164 8809 2074 9181 4061 1937 3652 7593 3048
29 3363 3179 5069 429 2135 9963 2298 3513 6300 7455 2629 7983 1044 4090 6156 5409 4693 9624 8233 2580 7255 5995 6583 4366 7463 2959 1211 4418 5107
29 8097 3076 9584 5815 3150 7249 343 3997 2489 7468 3398 5584 67 7312 9381 7184 183 7829 5617 3549 4863 3658 1827 2824 4105 6447 2789 2456 9941
29 8424 1573 5334 4802 432 7485 8381 9183 383 2892 5397 868 1524 6719 5833 9931 6786 6302 5957 326 8795 8064 3538 7139 7595 6415 2544 696 3375
28 934 1359 5564 2599 5598 2873 7375 4273 1253 4110 4856 9689 3131 5219 4918 8780 3641 583 8921 7582 2366 9610 8929 9924 3940 852 2786 1637
28 9714 2698 8927 3149 1597 8549 8594 1222 7240 204 5601 2122 5441 2014 7276 318 8497 536 5799 454 9519 1501 5981 5629 9705 1655 3633 2678
28 8786 3492 416 6493 3 1575 8410 674 8398 7812 7522 4515 855 8279 6846 6111 6768 3088 9985 1335 7686 217 8742 4746 9863 2268 7903 2217
29 1769 6557 2890 6463 9884 2144 3731 5670 1707 848 5121 4533 1320 8639 2683 9232 4125 4321 1265 761 6373 765 298 7440 1279 8244 1891 8360 6835
28 295 7639 8903 7244 1558 3118 9356 4395 5176 5355 4124 7387 2780 4749 6375 669 4750 4780 9701 6285 727 8738 9948 3510 1762 8272 1150 4605
29 3922 1942 910 1520 5244 5990 8012 8718 2289 6795 7409 8808 6976 5108 2551 1453 7795 211 4202 5034 9341 8998 7987 814 7411 4580 8986 7841 9799
29 7277 8896 9747 5115 7742 6005 6280 5353 8646 8840 8309 2590 8335 683 1892 8942 1977 5989 1286 348 1476 6825 9503 6769 9353 5548 578 7718 960
29 2805 5837 3911 3781 4186 3411 792 8328 4880 5704 8224 4019 5281 1952 6836 6100 4549 4164 2319 1426 3342 458 9468 2483 9524 6867 2041 5635 7260
28 7937 3775 8481 6925 7625 73 8285 2021 5343 7450 7811 2148 9135 9800 3495 1927 9596 6526 9294 748 5172 2784 9342 2844 7856 788 8631 722
28 3592 1831 9743 5112 1124 8701 1055 9571 3780 7038 7610 7275 2539 7300 1294 9547 6565 7248 9156 3089 1159 3523 1129 1479 6784 3979 2532 2565
28 4071 4796 2855 3855 3139 3186 5435 1932 530 9178 7036 7672 2076 9365 1774 7102 9507 8837 8171 1006 658 5961 1586 4908 8803 8682 4866 6301
29 1408 8730 4765 6155 7867 2137 5166 2762 888 5975 5429 9127 8734 5974 5122 9712 7758 3890 2839 2272 776 6834 137 1669 455 2094 8596 2781 7049
28 8220 5535 4994 5997 7116 6966 4313 2232 9808 1089 8147 9332 2998 4713 6670 9794 8773 2174 6875 9026 3593 9602 6 9633 8658 5698 1315 6588
28 4398 7487 417 9385 3764 4314 4722 3439 4938 6708 753 2370 8248 3377 4365 1173 3376 6938 7373 4781 1475 2655 2883 8522 2834 7008 4254 75
28 6424 2607 2554 9304 4710 5051 2346 3619 2194 6296 8628 9862 228 7509 9299 6968 1225 7103 9239 9137 6194 8126 7977 2926 5110 8305 1327 5561
28 7653 2847 9756 5516 1123 3318 7110 8828 1679 9973 8878 3416 3981 7114 1664 6851 5741 4404 3973 7716 9132 7301 7128 1237 5870 8317 3059 9138
28 4115 3632 8434 9699 5263 7147 6027 1342 4758 4500 59 9704 8661 3393 585 8168 6953 8313 2344 7067 155 1646 8188 3045 7810 6397 950 8351
28 152 7539 1113 2769 2051 2218 2301 5784 4017 8593 5592 76 2092 2944 9024 5827 7438 1931 8459 562 9062 4121 2732 8554 1115 5618 4965 2149
29 577 9692 8227 7982 9836 4005 9329 7054 3192 6675 6188 8214 6434 7072 8864 7167 981 6396 2488 535 2750 7269 5518 8690 7094 9347 2031 5851 9958
28 5057 275 4751 7516 3442 3347 6221 9310 5935 1207 2928 5803 4583 838 6743 4814 7999 6759 8674 3768 4563 8326 1061 4798 5398 8574 5991 3232
27 8057 2297 1746 2228 653 6464 2868 4134 5434 7190 38 4565 1972 1103 5443 2714 2407 3473 2665 3178 2210 7967 692 5549 3148 4516 496
28 3216 1846 5966 3350 82 6255 5682 1245 3745 1555 413 1166 2276 2743 512 3370 7834 2929 5468 6937 469 4176 8802 1626 6052 6161 1350 7134
29 4078 2765 6265 6871 4050 785 971 2242 794 3678 5222 5501 4136 781 9448 9326 5662 8217 842 631 9746 890 9225 9977 4042 6532 1615 3106 5644
29 7914 1512 9635 7191 8471 1612 9546 6215 8316 4334 3194 2699 3094 5962 4277 6226 618 9070 4719 5362 5321 7657 6771 9686 1449 6573 6371 6732 85
28 3249 7606 8026 659 5460 5307 3573 7880 9851 3481 1419 4290 7056 1352 5346 4614 4043 6336 3372 1334 2159 6455 8308 2721 6783 7817 6969 7641
29 5465 6154 1751 6032 2085 2519 8201 9172 9949 2280 5096 5249 9434 8883 713 1876 222 6712 9730 8692 6608 8102 8716 4907 262 240 9383 6952 1648
29 1587 1130 9202 1275 4622 7957 9494 3871 9457 4289 7815 6927 3147 3010 8761 9876 6170 6724 100 8525 2073 6158 5765 6040 652 7731 2380 5227 2980
29 7584 1595 3575 3264 9754 7721 456 5376 7869 2457 1092 9664 9370 4161 7831 6282 3574 9405 2271 3788 6118 2438 6465 4510 7604 6667 5928 8180 9600
28 4852 4303 3460 9930 2141 6520 2439 80 3185 2061 8652 4168 4823 6082 918 4669 2462 9553 3880 7041 201 160 7498 8542 8081 7553 869 2288
28 5798 3503 2205 6407 1260 6580 8442 8001 2846 5189 4728 7958 3241 782 7882 2757 7500 8082 8997 3077 151 9013 9508 2063 6920 390 8548 537
28 6190 188 8717 4910 9590 1854 5396 685 9270 391 9908 123 9464 3609 8990 3837 1950 8107 847 9102 2934 316 2405 717 4762 8784 8479 6172
29 1572 7337 9568 5387 6563 6753 8050 7227 1895 9203 6138 9703 1303 6908 1771 6321 2206 2568 4534 9920 2458 7444 2875 695 818 638 4590 1851 9204
27 8709 8366 1779 1175 3036 8281 4969 8251 358 9067 3507 8605 7663 965 2872 193 756 6964 9125 364 8456 8818 9025 2942 7861 6663 4361
28 5500 6683 191 9606 6815 5867 5596 5760 9339 2835 6287 4002 924 5015 7088 4340 645 9671 7314 3029 7293 1529 6981 3493 6932 3697 5915 7907
29 78 4447 2365 9042 1554 3122 3033 3858 5878 7374 9917 3631 510 8963 4368 214 1886 5631 8379 5338 7198 29 3257 7052 5985 6377 6094 2956 7010
29 9189 4397 3899 4896 229 6822 5619 2687 902 4785 4460 4988 9466 6182 1094 7757 9276 4836 9779 7826 2081 8357 3023 2454 8845 8893 9731 9410 9700
28 1717 5801 9913 3643 1863 4156 1994 3348 5315 5838 3313 5329 9750 799 1507 7271 4656 8480 8156 4513 1357 7562 4012 9766 8782 7789 5717 9982
29 8544 377 2241 4318 6275 3757 5706 4828 8649 1610 1680 9979 8721 7712 5379 6380 1918 5899 7943 4899 7420 8163 4362 3081 4877 5586 6821 7978 5987
29 7633 4474 5511 5668 4716 232 2637 9182 3777 7670 8245 2610 8666 2534 1726 938 9169 6343 2602 6381 7565 1687 7461 1337 5795 3207 1672 9860 6614
30 4804 2713 3534 4650 7295 4165 163 4298 1525 4263 8988 7352 2184 3303 9902 2237 3213 4059 3125 4763 8457 5414 5025 8169 3141 9285 575 9829 1738 1363
29 9014 9031 6200 6250 4400 5945 393 5506 1603 9126 5413 7935 6581 3730 1135 4280 7836 1224 2625 3337 5626 6109 9569 4741 3938 47 5621 4771 4087
28 5046 1271 5206 1700 6869 1165 3541 7356 9314 4792 1309 798 2033 4617 2982 131 9419 8041 3142 9028 1699 351 8174 7791 7951 7965 1235 3767
28 7148 8406 6640 1051 1178 8954 2838 8741 9994 6472 3110 6954 3819 2056 475 5746 6104 912 3263 6803 9638 7224 8811 1682 1975 7435 836 9481
28 3423 4349 256 16 1890 4355 33 2574 9267 2083 6171 2412 2606 6915 2342 4756 6353 4162 7333 3789 4013 4624 7228 218 9912 467 8539 5988
27 1048 3171 502 9636 593 2569 9599 2158 3215 6666 4945 911 954 1308 8926 2658 6877 2754 5139 2543 366 6986 2115 8110 2907 2968 1868
29 9413 5383 2954 3698 6284 4636 4948 9485 190 2960 2799 5064 5347 6010 1498 8787 3400 7932 9534 3569 9142 767 9205 5571 8749 2385 6883 9330 233
30 13 280 8971 2 3417 6125 3949 7915 9619 2624 5070 4519 2825 6429 8814 5426 5982 5242 6476 8138 8473 6536 9879 7897 7453 6533 4352 3305 6656 2103
30 2586 7855 5889 7335 7084 1961 899 760 5406 9153 2513 1002 7370 6143 8378 2060 494 7881 3378 4405 944 3223 2443 6289 1594 7166 2441 6269 4712 3227
29 9168 7297 1842 40 2860 9907 1282 8572 1802 597 360 872 8536 7001 5800 9252 635 6009 8396 7262 4429 1605 4075 6593 4608 8068 6823 3403 1911
29 9111 4805 810 6092 2186 1264 5693 7526 9393 9870 5382 5533 6510 8038 3723 7778 3805 6739 8303 6984 9275 7665 9348 3351 2709 4380 7174 5410 4131
28 6808 8961 5555 7060 2930 7203 964 9848 2318 472 4130 8144 237 2973 8796 4080 3535 4453 1619 488 2102 1628 1108 7517 2329 4674 9995 9154
28 2378 5467 5886 968 1758 949 9989 484 5278 5474 1158 5291 5411 3568 8475 3343 8319 7410 8839 4464 3793 5753 3947 2991 79 617 5002 1651
28 1109 1425 8027 7707 8162 2279 7201 1174 6331 9093 9173 8976 9303 2632 1636 3961 2485 9647 8300 5630 1775 723 5305 7618 6059 2189 3872 6121
29 2209 3720 9336 747 9073 3380 4553 6437 7317 4229 2509 9654 6213 406 9091 6611 8707 2307 268 8098 6067 4283 5589 9978 1947 6637 9971 9873 7234
29 962 8545 5973 7219 9382 9629 7719 9892 2064 3388 1683 4564 8855 6721 3941 169 3418 8702 3162 5103 7372 8863 2089 6273 6713 9698 4552 6149 7774
28 8099 9887 1531 477 9268 6868 7910 6361 5757 4363 3280 6648 3435 6665 9763 623 2821 8333 8626 7634 6831 6852 4155 4884 6013 103 1875 3436
29 7426 2517 9366 8566 1024 1985 3537 3669 5296 9658 3508 9793 7596 600 2759 2006 5485 1906 5038 4499 5271 4772 9374 9572 5527 8776 2481 2007 6148
27 6950 5130 7173 7724 3177 8108 3917 9583 8642 4520 3603 9072 9043 5581 2015 9734 6050 2420 9801 6019 6370 7252 1878 1181 5285 8151 3071
28 1574 2550 5475 7648 9190 9489 1009 3984 8874 1074 4374 1960 7150 3028 9877 8996 6760 2726 4972 4932 4462 8433 7683 2093 1385 7997 5681 519
29 4760 8339 3640 4046 1907 5224 4137 2310 5802 1269 1647 6813 5162 7043 7493 5652 2043 3884 9162 9005 6934 5339 5785 2282 2559 415 9904 5050 1773
29 9159 482 1437 5031 5612 979 3667 8620 1064 3340 6357 3055 5852 6735 5606 3674 2708 8414 7040 9195 6131 622 5776 3219 4688 7741 1184 7165 4901
29 8946 3025 5934 1410 9621 7980 9504 1904 7163 3176 1643 4720 7990 3893 4943 5519 2224 834 9626 7710 9226 7303 8451 7287 787 641 5609 4345 1793
29 4764 4066 6959 7864 3954 8697 2138 4282 2435 3887 5119 7767 7377 5905 1761 8148 3102 7218 3408 2997 6004 7137 9972 4038 9582 3311 4548 3472 6576
29 1808 3782 6595 8778 1429 4001 5348 4472 4545 5277 7847 4401 527 3011 9207 1413 1616 3109 1523 6199 4508 5141 6489 6317 8533 1428 2371 7996 5885
28 1577 7494 34 9811 9752 555 4350 6793 8182 3144 1228 4892 2577 2903 3786 2256 2564 6689 6054 3000 921 8449 632 1812 3041 3958 8819 2994
28 306 1143 554 3921 5207 2352 1229 2774 6944 4736 4898 7824 2389 4382 5027 7033 8276 2047 8984 7959 3933 8065 10 9124 3354 9765 2349 8753
28 9888 3704 457 5669 1197 4175 2375 2410 5861 8944 648 8892 225 1873 6706 2387 9021 7975 6528 6870 1388 8075 1277 2626 1361 2119 7294 8194
29 4077 7216 4808 8464 8820 8681 7464 435 4004 5100 3379 1460 5332 2657 7844 3897 7803 7823 3822 5602 4253 1455 6917 6478 8736 3355 6496 2804 419
29 138 8590 5476 2195 8439 4495 9585 5163 8680 5023 2011 7432 1796 6457 2010 6451 7514 6326 3222 4987 3357 5663 7389 3688 2667 5231 6442 1946 7368
28 4322 5097 7871 350 4386 9708 4221 6274 6230 8122 2050 8558 7388 4723 5373 8200 3004 8271 807 1065 4558 5792 7220 6251 8218 6513 4419 4329
29 2672 596 2813 9039 6237 1430 703 6817 252 9442 2078 6354 907 4546 8601 9616 5627 3253 9530 8705 4220 142 9514 8747 20 4895 3218 503 7417
29 4466 8183 68 5895 9790 5478 9439 9415 1304 1852 4047 4316 5080 2165 6450 7307 6146 7585 3031 5697 6700 1208 9680 3438 3661 4517 24 561 511
28 3815 2795 7394 5696 2147 4096 6036 1657 4174 4040 3035 1214 986 4743 1451 6998 5539 8116 7732 9088 8059 8408 752 7644 1474 8195 2670 4037
27 666 8835 2604 1417 7790 8500 209 1725 465 6856 3553 9309 1721 8560 5565 5484 1780 9676 4770 1432 6733 3498 7868 7616 9894 2059 3870
29 6845 4236 2557 8130 4152 7952 6427 4524 7993 2595 2547 2178 2852 7104 3747 3458 4740 9567 7357 9532 2180 9369 7197 2376 7711 2308 7843 8514 849
29 4768 7186 6461 4769 4966 3164 4694 996 3100 2919 9921 1395 3834 9414 4199 3437 8975 2663 6853 3394 3564 9402 50 2294 1815 9099 8225 6830 8799
28 602 2090 1491 4327 6177 6657 9407 4089 3500 51 3986 1880 1144 1418 3477 815 8370 6725 7127 5087 9775 2421 828 9069 7280 3421 7362 1627
27 9988 3181 7014 8438 8237 6985 5580 9533 9954 1692 4941 8552 5874 3034 5095 4955 5688 4924 46 1478 1658 9905 7457 6169 4683 6974 7652
28 9890 5008 128 9804 5400 8575 6519 8577 7142 8289 995 9502 9628 8509 947 254 7912 4085 6967 7366 1987 1274 4036 3948 7970 9586 7474 6173
27 42 3665 4088 8625 7442 9625 6622 6752 3037 7105 7536 2325 92 2500 6433 8982 4103 7285 7956 725 3613 735 1728 5633 5543 8092 4875
27 7324 5041 5185 676 9719 8933 8478 2233 7765 8760 1825 7429 5367 3220 7238 9830 5001 7848 2362 3397 5715 1857 8555 9148 7900 9188 7899
28 3233 1364 4067 9669 215 35 1322 7316 3683 2909 3431 6310 4081 5132 8882 4328 8720 1656 3666 1284 5364 5243 8940 4961 5950 3719 6561 2497
29 4473 6980 8134 2042 5999 3733 489 9315 3427 219 4684 9780 8665 4294 9923 7069 5199 3824 1591 3217 6031 708 7619 6086 7396 65 6722 6038 6405
27 7735 6796 6970 9806 5066 3242 7393 7483 2511 4833 1908 6763 7682 6338 4727 1403 5212 8198 9566 8405 5872 8836 1576 860 8105 4956 2681
27 395 551 9891 627 2677 8913 3480 2937 363 9760 2643 3360 1406 1142 5758 6714 8321 9641 5267 3093 7182 9101 6248 2731 4841 5789 9163
29 4974 4392 8851 6936 3702 8046 6634 4356 6553 7024 21 3146 5352 1147 1914 1068 1571 299 3276 2650 3935 1843 3712 7074 2885 6358 9615 9847 4171
28 4935 9589 4660 5461 9139 9915 7605 4452 8638 7062 1708 5818 1244 2984 6398 758 2653 17 4357 260 5762 4912 7998 3946 7156 8928 9296 124
29 2823 839 3339 2396 837 62 4231 6419 4889 9634 4782 7830 6388 5994 3463 2219 8843 1652 6469 7874 9298 6467 3586 5946 8002 677 5374 1551 5211
29 7418 1599 8654 7581 4034 1462 970 6359 9084 5071 1104 822 1695 9233 3054 9588 4700 5205 3261 19 7547 5143 3676 2978 8520 6136 7214 2594 5273
27 746 5944 4944 3950 9627 5714 7359 5105 2176 878 300 7237 1223 7656 3512 1611 4911 1901 8361 1982 372 6431 8712 3168 1473 4063 7796
28 102 773 8678 9797 3268 5724 5671 6244 6854 409 1218 881 8769 3368 831 361 8614 2299 1743 8662 797 6517 7019 4646 9579 7938 9724 1766
29 3902 352 498 3682 6283 1257 2920 2744 1777 1427 9375 6862 1920 6601 3942 998 9264 8336 524 97 1984 5145 3977 5686 3214 8660 9916 3580 2504
29 1788 7115 8875 1325 9980 3346 6128 8506 4413 2286 4544 1988 6115 9736 4276 1496 2692 5628 1471 1075 2628 5814 1328 4222 4973 5092 6498 8898 1445
29 1386 3496 1924 2472 663 4181 8727 3651 3770 8912 6531 9412 6456 1280 231 5114 8529 5884 3329 9429 4142 8467 2588 8510 2095 9542 6881 6639 4184
30 6229 7511 6857 4217 7416 5949 8368 7513 36 8974 168 7122 9051 8352 6716 6624 449 5806 2521 9473 7507 6645 3990 1297 8770 7164 7089 5481 277 6575
28 4801 1424 5462 2293 2746 5052 5157 1127 2132 6989 8815 8035 4045 8621 611 5447 5464 7433 9521 5203 9603 4319 8535 7542 4600 6524 5007 5453
28 9696 8983 5345 9956 5308 6292 7239 7960 7916 2009 8089 39 1490 6026 7044 2466 6315 8367 1043 3964 9684 9691 4979 3459 1509 1015 1697 6537
29 1965 23 8415 3919 1600 5144 2840 5010 4194 4542 4243 8616 8278 2761 751 4072 2695 1781 6120 5431 3738 3206 3165 7857 8777 9134 1022 2099 7886
29 1472 2583 7011 5483 5148 3332 8790 5457 5570 8477 886 4591 1934 6684 8140 6453 4843 9551 6775 3600 1949 2476 8622 3729 581 8582 4354 9607 2084
29 445 6319 7380 3064 7528 8651 9864 9986 5769 4997 9281 2120 3488 4218 533 274 9560 9426 4056 4649 3736 4859 5140 5232 1266 4872 4422 7655 9478
29 4141 8121 8073 3951 3744 6379 8831 5639 4457 4929 3863 933 115 143 2981 9283 4623 5003 9017 438 7226 7736 1506 2694 399 2510 501 7004 2587
30 4189 994 1805 2459 2578 9258 8754 9622 9240 111 3336 1329 1003 3812 1145 95 1383 2200 9509 7479 8580 1438 4173 1731 2812 4228 4274 3970 362 4644
29 4661 9447 5721 5553 8053 171 4730 4621 2470 1007 5793 8296 7877 7740 557 66 6306 5419 6863 7098 2816 9649 5019 2072 8043 3406 7319 2810 5255
28 9371 8440 7421 9408 5448 813 8111 3520 2601 5407 4497 8813 8722 6892 6175 388 8310 3754 3245 3365 6196 9496 5657 9878 6921 1369 3038 1508
27 8595 4057 2916 1250 7621 8239 4745 739 8689 4774 140 1701 157 9666 4538 4054 4812 4853 5676 7954 6420 6799 6339 9900 9164 8774 8964
29 7256 612 4996 8949 2752 6242 2622 3203 9660 6847 8260 1069 8538 8066 559 1122 4525 4596 1190 7241 8570 8881 296 2302 4416 9642 4699 7066 5674
29 671 1062 9940 2506 629 8526 93 8076 4325 323 4178 8347 2416 5664 1856 3525 6492 6494 7684 1084 5620 8521 4485 9022 3930 7090 3138 3540 3107
28 5062 5557 2649 8733 879 9391 4975 4251 9289 5045 1861 2887 1459 673 1392 6119 8758 1623 4086 9171 668 4569 7360 9170 4820 7966 7854 3708
28 6603 534 6778 2304 1241 3267 7891 4205 1871 3565 4818 2382 3695 32 4312 7700 8519 6110 8800 5871 9206 5217 3426 6688 516 9438 3857 5823
28 3236 626 5917 9052 931 53 5433 5512 9220 6256 5412 2923 428 539 700 2226 6628 1216 9897 8301 7469 9608 3559 105 2779 8228 8240 1864
28 2414 3119 1670 5128 7232 9549 930 8873 1354 3212 3330 9247 7007 7005 3514 1713 6518 9998 772 8380 6855 2856 4993 7332 6159 6633 4097 973
28 3590 3247 5908 130 2343 6794 3019 2331 1121 3908 972 7873 1948 6291 5718 5378 2290 1502 5572 1561 4041 712 18 9557 1333 4224 5257 9354
28 2652 4989 2005 7744 5005 408 9223 9648 980 2722 8131 6672 8824 5691 5820 1052 7212 9525 3056 3252 827 9331 8965 9082 2571 1105 9100 7775
28 7828 6770 6765 3126 4227 740 1160 1306 5700 4204 7334 4428 1091 5504 4177 6653 649 1710 9901 9656 4024 2162 7520 8810 9023 7729 7805 2659
27 2182 5583 6231 1608 4739 8176 4358 8441 1519 8358 2052 5661 8332 3646 4148 2951 3113 801 5458 7446 1979 9631 464 7521 1071 7322 7820
28 8551 1038 8017 3932 2747 1740 3272 927 468 8794 8284 6948 9279 8348 2326 9387 5331 4842 3485 1090 5544 6679 8902 2927 6654 3308 119 6135
28 5777 4433 9227 9219 9115 4627 9477 6874 4885 3545 9839 3982 249 5720 234 6607 7889 9709 6505 3761 6259 8411 8838 1454 5805 1464 2556 1177
28 4052 3169 7611 9130 2841 6746 319 5223 9425 9274 991 7282 1489 3269 9177 6545 101 6965 2022 7685 4029 5319 3478 1834 5809 4827 5365 3517
28 9340 6152 5740 961 1220 4053 941 1299 8876 893 7284 2857 4092 6176 1358 9424 7750 3046 9144 7646 2605 146 3154 8203 7518 4680 282 3876
28 5552 9136 4481 850 8751 4867 5857 6295 4247 6364 2891 7838 6811 4417 7075 1832 4555 4070 2045 1180 6662 2529 1527 5402 7050 1270 5877 8465
28 7901 6425 8400 2037 2664 7637 7944 5556 9451 1676 8067 2656 3095 9411 9595 4970 1632 1338 1087 8930 346 4403 3163 7125 4026 1295 5361 5666
28 2648 3878 9251 5298 4250 7572 513 6615 8993 313 5964 8455 4511 3061 9290 9047 471 355 1850 7814 885 4296 4255 9962 1263 3589 5930 470
28 993 5241 7979 2570 1210 7381 5637 2247 6160 833 8505 1405 4919 2800 3684 6726 6466 4868 2639 8856 8030 9849 3841 7154 2514 4592 824 98
28 3581 1247 26 6150 571 3881 9394 8581 5090 7955 8573 3453 9769 5075 9673 8867 884 7027 3732 3017 9333 8905 2884 5812 6153 6266 9697 7756
29 2711 8386 3260 2736 3898 1276 1542 9762 1797 5035 1889 2044 3449 7702 7556 5590 613 4787 463 3965 8354 5922 5234 197 8241 8165 5317 518 7887
28 8039 5941 6475 817 952 208 5167 3647 6523 9919 4383 3456 6060 6483 7126 1828 4738 599 8208 6372 8280 1331 5445 9020 9143 1010 3826 7947
27 7576 5336 8143 2252 6313 4567 5125 6979 1081 1189 4844 1747 6701 8338 1598 7676 5773 6900 4928 4675 9486 2109 1281 6929 7029 2431 9343
29 8267 9037 3560 9967 9721 3114 4642 689 3487 9970 3407 116 3251 6772 3657 3650 1 5246 1252 6219 7254 8079 2553 714 3196 5256 9388 2267 4347
27 9215 7704 1021 7481 2395 610 7347 8349 2843 4262 3315 8821 5817 844 8908 6180 762 6083 4886 5623 6066 9813 3239 7930 2273 3913 4576
29 3145 4246 656 3659 291 9322 3847 8679 3429 4055 1668 6590 322 2724 6208 2741 5643 6962 7635 9846 5094 6243 293 2437 6022 7152 9474 9968 9404
28 3153 6671 8565 4442 3536 6262 8093 1944 266 7135 8253 3846 6386 6253 153 9598 4610 2333 483 4269 8173 8962 1978 1958 796 8298 9882 6014
29 7760 8432 3316 4455 1715 7488 9565 2679 1219 1431 7802 778 2859 8925 3026 7124 8401 6649 4187 9807 7170 118 2503 3066 2398 4995 8011 8945 4625
28 1764 7395 5537 1422 5086 7259 7349 5390 3785 2068 7213 5428 5427 4157 1382 3567 1645 424 5923 5866 423 4265 3112 6356 5787 1027 3188 592
30 7313 7984 563 7323 5251 5522 5925 6744 4640 6824 7209 5309 6085 412 1853 3344 3409 8196 9928 1748 7627 4849 6694 7754 8779 5711 9080 5736 8683 8636
28 654 1312 7694 9378 3050 6016 216 6994 5748 3532 5530 1754 9216 7118 3446 3211 6991 716 3007 742 9926 2575 1311 640 6327 9398 9786 2783
29 1466 9538 4238 3694 5333 6211 8375 6286 2983 6630 1233 4127 5137 6192 643 2251 1736 8133 7023 1970 28 7266 3521 7376 2269 5747 7801 4339 7348
28 4616 5049 544 5116 3412 473 5875 6473 4638 9545 8844 3629 5265 3096 5546 5040 2910 8444 6558 6641 770 2336 3848 9112 5215 1727 2134 647
26 9211 3991 4803 4607 7667 6551 3556 3711 1020 2735 1402 5118 1879 1530 3250 9893 6045 4016 3097 6108 2160 7505 5275 2067 1106 2791
27 2636 8207 336 7351 1855 738 8609 4672 3912 7784 4431 5083 9833 1621 8135 3073 7591 7225 1400 4233 8430 8789 6141 2627 4197 936 3021
29 2993 405 6890 3278 9816 5318 4673 4048 1549 4095 5647 3434 3284 2682 1461 96 9513 4752 2473 4778 579 8531 186 9953 5725 3197 7926 9431 6090
28 6891 1893 5529 2963 1390 2167 1344 2728 8700 2802 9089 4952 8938 863 1137 9757 6621 325 5708 7506 2486 8888 8243 2962 1798 8501 4540 9558
29 5030 4338 8503 4415 2049 9831 771 8645 8904 525 8369 4266 6352 7962 2348 86 7221 247 8608 3475 4234 8428 3374 2638 4271 9030 6404 4767 4964
26 7883 523 8297 4311 6556 9242 745 1194 3304 8511 8008 5689 3390 3175 2508 8534 3325 3539 2696 3966 1019 9335 121 5276 7934 6088
27 2563 3361 487 9735 5896 6779 3854 3821 6277 5578 2116 8989 6406 2845 8713 4051 2806 1684 7550 7057 3087 614 6053 5386 3120 4832 6625
28 3256 4878 1816 6509 4195 7773 1198 3170 8274 1301 3743 2153 3795 339 5006 6841 2364 7181 370 5179 1463 4968 9950 5764 509 1601 7424 1778
28 9858 9117 6935 3524 8714 9537 541 1485 2989 7257 7928 9228 5782 7586 367 8599 2181 5980 9432 1157 6391 7658 2285 6011 5937 769 2620 4594
28 9872 7343 49 5534 9974 2053 5916 9725 9006 3637 3191 5766 7620 2560 5356 7155 398 6527 6247 945 6116 699 5560 8935 5734 8353 1954 7492
28 4759 1712 3044 9076 2701 8257 4116 243 4864 8917 7771 5018 4215 922 6696 2979 5295 4706 5636 4876 3270 4324 6139 1951 7991 9423 9650 711
29 8407 6062 5077 3172 3323 3238 1131 5424 5274 6740 8013 4223 4906 1544 7919 693 6930 2972 5272 5750 8048 2471 7687 2778 1305 3779 145 825 8629
28 6669 7720 2836 6889 3291 8421 606 6409 7078 2558 452 4869 2842 2967 1830 4934 5081 2173 6839 1510 7904 1232 607 4369 6660 166 2969 8096
28 5703 4797 3302 9984 4144 6766 4069 4734 2207 7462 3797 2897 1262 580 4332 1840 4893 8684 5920 4939 1072 9061 1869 1209 5559 3349 6810 7917
29 8372 8657 6623 5855 4573 8726 5742 425 290 1986 7423 4667 3771 178 9609 7564 6617 444 6232 5164 129 1953 7480 9886 8018 4913 5591 6942 2388
28 1660 314 9646 8872 8910 5912 7751 2477 5763 3794 9728 4835 2675 2666 4230 2130 7365 5415 4991 7940 5902 2566 8192 344 12 5712 3829 1921
26 5233 3972 3324 5826 6912 8970 4478 9491 7703 8330 7009 2833 3003 2151 5594 7129 1625 4806 9843 3221 6241 5016 251 4695 2814 8816
29 1641 2202 9470 4006 3907 9241 8564 2794 4799 4527 8617 8294 5890 1929 8650 1866 9011 1156 2988 342 6605 7862 9536 3706 4381 5032 4257 5042 6441
28 2417 8205 6046 7699 4655 2221 385 9880 5301 3774 3402 2020 5854 1452 3692 1536 4406 840 6087 5929 9048 7905 1017 3098 1119 3451 4512 9827
28 8561 6597 7358 9592 9520 8992 6859 9939 4562 1980 8862 2502 7989 877 6741 7615 2245 1732 8056 657 959 4620 9198 37 5391 3663 5021 7540
28 2452 8152 6664 9079 8615 4788 402 4454 1310 4726 6918 3955 6018 9844 5972 6362 4838 8155 1565 4846 6401 6477 3578 1538 9517 7726 2850 8805
27 1204 2785 6699 9129 7723 4183 2745 2680 8238 6263 1215 5497 4603 2939 6438 3895 8587 8199 7325 1324 1153 932 6534 3710 2616 4897 9969
28 3123 9826 89 1756 3671 7087 3151 9186 9885 8325 7466 310 7247 5330 7265 802 1169 6387 7964 7051 9938 8474 3542 7551 5536 2902 2879 6202
28 7822 9850 1140 540 4126 8462 883 3882 1971 2725 1589 1176 4098 6426 4146 2727 507 6678 3916 1008 7017 8633 1995 566 8750 5845 5284 3595
29 8299 5608 8513 1499 4834 4104 6643 3558 3018 5028 9815 7076 4547 7025 7035 7013 4149 5399 9896 2827 5788 284 349 1790 4615 2828 8585 2386 8909
28 4065 2496 8850 3867 1465 5360 956 6538 9854 6412 4504 5791 4402 5808 3401 3287 904 4305 5078 9578 3691 8388 4150 4571 2776 9580 5204 9577
28 9284 7222 5914 3462 5829 2024 4703 2950 3802 2646 2100 3563 5259 7258 2837 3599 9103 1720 6127 5469 1703 1110 2340 9667 8409 4890 2668 9307
28 9155 7030 9131 2003 3557 2992 6099 1012 261 615 5304 2705 3543 4160 2540 6594 297 3594 9085 6896 4709 7263 6858 5538 486 3583 953 6865
27 9814 7946 450 8745 5940 4393 164 1433 4370 1290 7108 5828 5073 4851 369 1613 5651 5977 9009 1513 9605 8323 8672 3993 9505 6264 6246
